Using pre-set license
Built from '2022.3/staging' branch; Version is '2022.3.11f1 (d00248457e15) revision 13632072'; Using compiler version '192829333'; Build Type 'Release'
OS: 'Windows 10  (10.0.19045) 64bit Professional' Language: 'en' Physical Memory: 32649 MB
BatchMode: 1, IsHumanControllingUs: 0, StartBugReporterOnCrash: 0, Is64bit: 1, IsPro: 1

COMMAND LINE ARGUMENTS:
C:\Program Files\Unity\Hub\Editor\2022.3.11f1\Editor\Unity.exe
-adb2
-batchMode
-noUpm
-name
AssetImportWorker2
-projectPath
C:/Users/Mimo/Documents/Projekty/-Unity-3D-Shooter---AS_23/Shooter 3d
-logFile
Logs/AssetImportWorker2.log
-srvPort
56008
Successfully changed project path to: C:/Users/Mimo/Documents/Projekty/-Unity-3D-Shooter---AS_23/Shooter 3d
C:/Users/Mimo/Documents/Projekty/-Unity-3D-Shooter---AS_23/Shooter 3d
[UnityMemory] Configuration Parameters - Can be set up in boot.config
    "memorysetup-bucket-allocator-granularity=16"
    "memorysetup-bucket-allocator-bucket-count=8"
    "memorysetup-bucket-allocator-block-size=33554432"
    "memorysetup-bucket-allocator-block-count=8"
    "memorysetup-main-allocator-block-size=16777216"
    "memorysetup-thread-allocator-block-size=16777216"
    "memorysetup-gfx-main-allocator-block-size=16777216"
    "memorysetup-gfx-thread-allocator-block-size=16777216"
    "memorysetup-cache-allocator-block-size=4194304"
    "memorysetup-typetree-allocator-block-size=2097152"
    "memorysetup-profiler-bucket-allocator-granularity=16"
    "memorysetup-profiler-bucket-allocator-bucket-count=8"
    "memorysetup-profiler-bucket-allocator-block-size=33554432"
    "memorysetup-profiler-bucket-allocator-block-count=8"
    "memorysetup-profiler-allocator-block-size=16777216"
    "memorysetup-profiler-editor-allocator-block-size=1048576"
    "memorysetup-temp-allocator-size-main=16777216"
    "memorysetup-job-temp-allocator-block-size=2097152"
    "memorysetup-job-temp-allocator-block-size-background=1048576"
    "memorysetup-job-temp-allocator-reduction-small-platforms=262144"
    "memorysetup-allocator-temp-initial-block-size-main=262144"
    "memorysetup-allocator-temp-initial-block-size-worker=262144"
    "memorysetup-temp-allocator-size-background-worker=32768"
    "memorysetup-temp-allocator-size-job-worker=262144"
    "memorysetup-temp-allocator-size-preload-manager=33554432"
    "memorysetup-temp-allocator-size-nav-mesh-worker=65536"
    "memorysetup-temp-allocator-size-audio-worker=65536"
    "memorysetup-temp-allocator-size-cloud-worker=32768"
    "memorysetup-temp-allocator-size-gi-baking-worker=262144"
    "memorysetup-temp-allocator-size-gfx=262144"
Player connection [19924] Host "[IP] 192.168.0.45 [Port] 0 [Flags] 2 [Guid] 2569830964 [EditorId] 2569830964 [Version] 1048832 [Id] WindowsEditor(7,DESKTOP-N9L2QB2) [Debug] 1 [PackageName] WindowsEditor [ProjectName] Editor" joined multi-casting on [225.0.0.222:54997]...

Player connection [19924] Host "[IP] 192.168.0.45 [Port] 0 [Flags] 2 [Guid] 2569830964 [EditorId] 2569830964 [Version] 1048832 [Id] WindowsEditor(7,DESKTOP-N9L2QB2) [Debug] 1 [PackageName] WindowsEditor [ProjectName] Editor" joined alternative multi-casting on [225.0.0.222:34997]...

[Physics::Module] Initialized MultithreadedJobDispatcher with 15 workers.
Refreshing native plugins compatible for Editor in 6.29 ms, found 3 plugins.
Preloading 0 native plugins for Editor in 0.00 ms.
Initialize engine version: 2022.3.11f1 (d00248457e15)
[Subsystems] Discovering subsystems at path C:/Program Files/Unity/Hub/Editor/2022.3.11f1/Editor/Data/Resources/UnitySubsystems
[Subsystems] Discovering subsystems at path C:/Users/Mimo/Documents/Projekty/-Unity-3D-Shooter---AS_23/Shooter 3d/Assets
GfxDevice: creating device client; threaded=0; jobified=0
Direct3D:
    Version:  Direct3D 11.0 [level 11.1]
    Renderer: NVIDIA GeForce RTX 3060 (ID=0x2487)
    Vendor:   NVIDIA
    VRAM:     12124 MB
    Driver:   31.0.15.3623
Initialize mono
Mono path[0] = 'C:/Program Files/Unity/Hub/Editor/2022.3.11f1/Editor/Data/Managed'
Mono path[1] = 'C:/Program Files/Unity/Hub/Editor/2022.3.11f1/Editor/Data/MonoBleedingEdge/lib/mono/unityjit-win32'
Mono config path = 'C:/Program Files/Unity/Hub/Editor/2022.3.11f1/Editor/Data/MonoBleedingEdge/etc'
Using monoOptions --debugger-agent=transport=dt_socket,embedding=1,server=y,suspend=n,address=127.0.0.1:56740
Begin MonoManager ReloadAssembly
Registering precompiled unity dll's ...
Register platform support module: C:/Program Files/Unity/Hub/Editor/2022.3.11f1/Editor/Data/PlaybackEngines/WebGLSupport/UnityEditor.WebGL.Extensions.dll
Register platform support module: C:/Program Files/Unity/Hub/Editor/2022.3.11f1/Editor/Data/PlaybackEngines/WindowsStandaloneSupport/UnityEditor.WindowsStandalone.Extensions.dll
Registered in 0.007523 seconds.
- Loaded All Assemblies, in  0.241 seconds
Native extension for WindowsStandalone target not found
Native extension for WebGL target not found
Mono: successfully reloaded assembly
- Finished resetting the current domain, in  0.171 seconds
Domain Reload Profiling: 411ms
	BeginReloadAssembly (74ms)
		ExecutionOrderSort (0ms)
		DisableScriptedObjects (0ms)
		BackupInstance (0ms)
		ReleaseScriptingObjects (0ms)
		CreateAndSetChildDomain (1ms)
	RebuildCommonClasses (24ms)
	RebuildNativeTypeToScriptingClass (7ms)
	initialDomainReloadingComplete (44ms)
	LoadAllAssembliesAndSetupDomain (91ms)
		LoadAssemblies (73ms)
		RebuildTransferFunctionScriptingTraits (0ms)
		AnalyzeDomain (90ms)
			TypeCache.Refresh (89ms)
				TypeCache.ScanAssembly (81ms)
			ScanForSourceGeneratedMonoScriptInfo (0ms)
			ResolveRequiredComponents (0ms)
	FinalizeReload (171ms)
		ReleaseScriptCaches (0ms)
		RebuildScriptCaches (0ms)
		SetupLoadedEditorAssemblies (131ms)
			LogAssemblyErrors (0ms)
			InitializePlatformSupportModulesInManaged (8ms)
			SetLoadedEditorAssemblies (4ms)
			RefreshPlugins (0ms)
			BeforeProcessingInitializeOnLoad (1ms)
			ProcessInitializeOnLoadAttributes (88ms)
			ProcessInitializeOnLoadMethodAttributes (31ms)
			AfterProcessingInitializeOnLoad (0ms)
			EditorAssembliesLoaded (0ms)
		ExecutionOrderSort2 (0ms)
		AwakeInstancesAfterBackupRestoration (0ms)
========================================================================
Worker process is ready to serve import requests
Begin MonoManager ReloadAssembly
- Loaded All Assemblies, in  0.429 seconds
Refreshing native plugins compatible for Editor in 2.35 ms, found 3 plugins.
Native extension for WindowsStandalone target not found
Native extension for WebGL target not found
Package Manager log level set to [2]
[Package Manager] Server::EnsureServerProcessIsRunning -- launch failed, reason: Unity was launched with the -noUpm command-line argument
[Package Manager] UpmClient::Send -- Unable to send message (not connected to UPM process).
[Package Manager] Cannot connect to Unity Package Manager local server
Mono: successfully reloaded assembly
- Finished resetting the current domain, in  0.382 seconds
Domain Reload Profiling: 809ms
	BeginReloadAssembly (108ms)
		ExecutionOrderSort (0ms)
		DisableScriptedObjects (4ms)
		BackupInstance (0ms)
		ReleaseScriptingObjects (0ms)
		CreateAndSetChildDomain (16ms)
	RebuildCommonClasses (22ms)
	RebuildNativeTypeToScriptingClass (7ms)
	initialDomainReloadingComplete (31ms)
	LoadAllAssembliesAndSetupDomain (258ms)
		LoadAssemblies (206ms)
		RebuildTransferFunctionScriptingTraits (0ms)
		AnalyzeDomain (115ms)
			TypeCache.Refresh (102ms)
				TypeCache.ScanAssembly (91ms)
			ScanForSourceGeneratedMonoScriptInfo (9ms)
			ResolveRequiredComponents (3ms)
	FinalizeReload (382ms)
		ReleaseScriptCaches (0ms)
		RebuildScriptCaches (0ms)
		SetupLoadedEditorAssemblies (280ms)
			LogAssemblyErrors (0ms)
			InitializePlatformSupportModulesInManaged (5ms)
			SetLoadedEditorAssemblies (3ms)
			RefreshPlugins (0ms)
			BeforeProcessingInitializeOnLoad (46ms)
			ProcessInitializeOnLoadAttributes (205ms)
			ProcessInitializeOnLoadMethodAttributes (15ms)
			AfterProcessingInitializeOnLoad (6ms)
			EditorAssembliesLoaded (0ms)
		ExecutionOrderSort2 (0ms)
		AwakeInstancesAfterBackupRestoration (5ms)
Launched and connected shader compiler UnityShaderCompiler.exe after 0.03 seconds
Refreshing native plugins compatible for Editor in 2.26 ms, found 3 plugins.
Preloading 0 native plugins for Editor in 0.00 ms.
Unloading 3082 Unused Serialized files (Serialized files now loaded: 0)
Unloading 32 unused Assets / (56.9 KB). Loaded Objects now: 3543.
Memory consumption went from 121.1 MB to 121.1 MB.
Total: 2.298500 ms (FindLiveObjects: 0.227200 ms CreateObjectMapping: 0.067900 ms MarkObjects: 1.926700 ms  DeleteObjects: 0.075700 ms)

AssetImportParameters requested are different than current active one (requested -> active):
  custom:container-demuxer-ogg: 62fdf1f143b41e24485cea50d1cbac27 -> 
  custom:video-decoder-ogg-theora: a1e56fd34408186e4bbccfd4996cb3dc -> 
  custom:framework-win-MediaFoundation: 216162199b28c13a410421893ffa2e32 -> 
  custom:CustomObjectIndexerAttribute: 756ad292c208cfabdd7b50bc23989ffe -> 
  custom:container-demuxer-webm: 4f35f7cbe854078d1ac9338744f61a02 -> 
  custom:container-muxer-webm: aa71ff27fc2769a1b78a27578f13a17b -> 
  custom:video-decoder-webm-vp8: 9c59270c3fd7afecdb556c50c9e8de78 -> 
  custom:SearchIndexIgnoredProperties: e643bd26f0fe6173181afceb89e7c659 -> 
  custom:AudioImporter_EditorPlatform: d09bf68614088b80899f8185d706f6e7 -> 
  custom:video-encoder-webm-vp8: eb34c28f22e8b96e1ab97ce403110664 -> 
  custom:audio-decoder-ogg-vorbis: bf7c407c2cedff20999df2af8eb42d56 -> 
  custom:audio-encoder-webm-vorbis: bf7c407c2cedff20999df2af8eb42d56 -> 
========================================================================
Received Import Request.
  Time since last request: 218191.858669 seconds.
  path: Assets/Low Poly Graveyard
  artifactKey: Guid(3433234060bf95248beaee594f7158a2) Importer(815301076,1909f56bfc062723c751e8b465ee728b)
Start importing Assets/Low Poly Graveyard using Guid(3433234060bf95248beaee594f7158a2) Importer(815301076,1909f56bfc062723c751e8b465ee728b)  -> (artifact id: 'c478ec97a0a1f5afc22a622442b7c73e') in 0.002071 seconds
Number of updated asset objects reloaded before import = 0
Number of asset objects unloaded after import = 0
========================================================================
Received Import Request.
  Time since last request: 2.904081 seconds.
  path: Assets/LowpolySimpleHouse
  artifactKey: Guid(fe65aaec1d417e84cba924ccad0219b6) Importer(815301076,1909f56bfc062723c751e8b465ee728b)
Start importing Assets/LowpolySimpleHouse using Guid(fe65aaec1d417e84cba924ccad0219b6) Importer(815301076,1909f56bfc062723c751e8b465ee728b)  -> (artifact id: '12d9b4d0069d7bdd101c282dbe536da4') in 0.000349 seconds
Number of updated asset objects reloaded before import = 0
Number of asset objects unloaded after import = 0
========================================================================
Received Import Request.
  Time since last request: 72.407540 seconds.
  path: Assets/Low Poly Graveyard/Materials
  artifactKey: Guid(9cd60ee086c42e8468fae8fe485c6ed4) Importer(815301076,1909f56bfc062723c751e8b465ee728b)
Start importing Assets/Low Poly Graveyard/Materials using Guid(9cd60ee086c42e8468fae8fe485c6ed4) Importer(815301076,1909f56bfc062723c751e8b465ee728b)  -> (artifact id: '7b7488985b76df97856dedd18a3cd81a') in 0.000440 seconds
Number of updated asset objects reloaded before import = 0
Number of asset objects unloaded after import = 0
========================================================================
Received Import Request.
  Time since last request: 0.655453 seconds.
  path: Assets/Low Poly Graveyard/Materials/Materials
  artifactKey: Guid(f6292c18a5e95984da5539d46d69c4e4) Importer(815301076,1909f56bfc062723c751e8b465ee728b)
Start importing Assets/Low Poly Graveyard/Materials/Materials using Guid(f6292c18a5e95984da5539d46d69c4e4) Importer(815301076,1909f56bfc062723c751e8b465ee728b)  -> (artifact id: '8a6923120546601dee1690f39dabf704') in 0.000327 seconds
Number of updated asset objects reloaded before import = 0
Number of asset objects unloaded after import = 0
========================================================================
Received Import Request.
  Time since last request: 0.060101 seconds.
  path: Assets/Low Poly Graveyard/Materials/Materials/Plitka_blue.mat
  artifactKey: Guid(fa8594ae695736543859f60570dde706) Importer(815301076,1909f56bfc062723c751e8b465ee728b)
Start importing Assets/Low Poly Graveyard/Materials/Materials/Plitka_blue.mat using Guid(fa8594ae695736543859f60570dde706) Importer(815301076,1909f56bfc062723c751e8b465ee728b)  -> (artifact id: '2b24fc1da0804fb179b4c6f1b79c6cd6') in 0.079886 seconds
Number of updated asset objects reloaded before import = 0
Number of asset objects unloaded after import = 2
========================================================================
Received Import Request.
  Time since last request: 13.748645 seconds.
  path: Assets/Low Poly Graveyard/Scenes
  artifactKey: Guid(4f704ae4b4f98ae41a0bce26658850c1) Importer(815301076,1909f56bfc062723c751e8b465ee728b)
Start importing Assets/Low Poly Graveyard/Scenes using Guid(4f704ae4b4f98ae41a0bce26658850c1) Importer(815301076,1909f56bfc062723c751e8b465ee728b)  -> (artifact id: '68d7cbb479b75ef3ce91f4c2aaaaf7f1') in 0.000421 seconds
Number of updated asset objects reloaded before import = 0
Number of asset objects unloaded after import = 0
========================================================================
Received Import Request.
  Time since last request: 7.825133 seconds.
  path: Assets/Low Poly Graveyard/Scenes/SampleScene.unity
  artifactKey: Guid(99c9720ab356a0642a771bea13969a05) Importer(815301076,1909f56bfc062723c751e8b465ee728b)
Start importing Assets/Low Poly Graveyard/Scenes/SampleScene.unity using Guid(99c9720ab356a0642a771bea13969a05) Importer(815301076,1909f56bfc062723c751e8b465ee728b)  -> (artifact id: '90e0fb242a178c4d630b264e9749fe0f') in 0.000363 seconds
Number of updated asset objects reloaded before import = 0
Number of asset objects unloaded after import = 0
========================================================================
Received Import Request.
  Time since last request: 20.787267 seconds.
  path: Assets/LowpolySimpleHouse/PostProcessing
  artifactKey: Guid(22a0b1456677b21438980d05209aa43a) Importer(815301076,1909f56bfc062723c751e8b465ee728b)
Start importing Assets/LowpolySimpleHouse/PostProcessing using Guid(22a0b1456677b21438980d05209aa43a) Importer(815301076,1909f56bfc062723c751e8b465ee728b)  -> (artifact id: '1b9f76789d97bdb3eea0786077dac28e') in 0.000384 seconds
Number of updated asset objects reloaded before import = 0
Number of asset objects unloaded after import = 0
========================================================================
Received Import Request.
  Time since last request: 0.053838 seconds.
  path: Assets/LowpolySimpleHouse/PostProcessing/CC.asset
  artifactKey: Guid(9e3b47a711a2c764dad720a366aae97d) Importer(815301076,1909f56bfc062723c751e8b465ee728b)
Start importing Assets/LowpolySimpleHouse/PostProcessing/CC.asset using Guid(9e3b47a711a2c764dad720a366aae97d) Importer(815301076,1909f56bfc062723c751e8b465ee728b)  -> (artifact id: 'fd6a78ca40ff42d33e81fa8e67142c19') in 0.001100 seconds
Number of updated asset objects reloaded before import = 0
Number of asset objects unloaded after import = 2
========================================================================
Received Import Request.
  Time since last request: 7.409663 seconds.
  path: Assets/PartyMonsterDuo
  artifactKey: Guid(1172d2c172eaf0d47941fd3833d730f0) Importer(815301076,1909f56bfc062723c751e8b465ee728b)
Start importing Assets/PartyMonsterDuo using Guid(1172d2c172eaf0d47941fd3833d730f0) Importer(815301076,1909f56bfc062723c751e8b465ee728b)  -> (artifact id: 'b9d2e0d401d22690acb5c133d4553731') in 0.000375 seconds
Number of updated asset objects reloaded before import = 0
Number of asset objects unloaded after import = 0
========================================================================
Received Import Request.
  Time since last request: 5.744064 seconds.
  path: Assets/PartyMonsterDuo/Scene
  artifactKey: Guid(e991e65e376a06e4f9125168b7afffe0) Importer(815301076,1909f56bfc062723c751e8b465ee728b)
Start importing Assets/PartyMonsterDuo/Scene using Guid(e991e65e376a06e4f9125168b7afffe0) Importer(815301076,1909f56bfc062723c751e8b465ee728b)  -> (artifact id: 'e7aed7a991942c9d614ded148b39b06c') in 0.000347 seconds
Number of updated asset objects reloaded before import = 0
Number of asset objects unloaded after import = 0
========================================================================
Received Import Request.
  Time since last request: 5.824091 seconds.
  path: Assets/Quirky Series Ultimate
  artifactKey: Guid(d2c7f1f0cad6ee74687f9c74a38bb427) Importer(815301076,1909f56bfc062723c751e8b465ee728b)
Start importing Assets/Quirky Series Ultimate using Guid(d2c7f1f0cad6ee74687f9c74a38bb427) Importer(815301076,1909f56bfc062723c751e8b465ee728b)  -> (artifact id: 'e24ce635c8040f2fec9997dcf94a30a2') in 0.000346 seconds
Number of updated asset objects reloaded before import = 0
Number of asset objects unloaded after import = 0
========================================================================
Received Import Request.
  Time since last request: 3.263995 seconds.
  path: Assets/Quirky Series Ultimate/_Scripts
  artifactKey: Guid(4487817149df9c44b8eee3eba11ed1c0) Importer(815301076,1909f56bfc062723c751e8b465ee728b)
Start importing Assets/Quirky Series Ultimate/_Scripts using Guid(4487817149df9c44b8eee3eba11ed1c0) Importer(815301076,1909f56bfc062723c751e8b465ee728b)  -> (artifact id: '3818acf7e3947fa32fb16c8eb3b06972') in 0.000371 seconds
Number of updated asset objects reloaded before import = 0
Number of asset objects unloaded after import = 0
========================================================================
Received Import Request.
  Time since last request: 0.092723 seconds.
  path: Assets/Quirky Series Ultimate/_Scripts/DemoController.prefab
  artifactKey: Guid(3ffd5f966ace6e74dbc3467092bca3c1) Importer(815301076,1909f56bfc062723c751e8b465ee728b)
Start importing Assets/Quirky Series Ultimate/_Scripts/DemoController.prefab using Guid(3ffd5f966ace6e74dbc3467092bca3c1) Importer(815301076,1909f56bfc062723c751e8b465ee728b)  -> (artifact id: 'ce2217d9eaaf73a757df7acee2bacc55') in 0.015952 seconds
Number of updated asset objects reloaded before import = 0
Number of asset objects unloaded after import = 232
========================================================================
Received Import Request.
  Time since last request: 35.037318 seconds.
  path: Assets/Shaders
  artifactKey: Guid(5fd19c1b2c6bc2646bb7f32f3ab3ed7b) Importer(815301076,1909f56bfc062723c751e8b465ee728b)
Start importing Assets/Shaders using Guid(5fd19c1b2c6bc2646bb7f32f3ab3ed7b) Importer(815301076,1909f56bfc062723c751e8b465ee728b)  -> (artifact id: '578e6b11d93af721d95699f0a1e0da6d') in 0.000420 seconds
Number of updated asset objects reloaded before import = 0
Number of asset objects unloaded after import = 0
========================================================================
Received Import Request.
  Time since last request: 3.617474 seconds.
  path: Assets/SimpleNaturePack
  artifactKey: Guid(30341396a589664418cb8e33d2b6dc29) Importer(815301076,1909f56bfc062723c751e8b465ee728b)
Start importing Assets/SimpleNaturePack using Guid(30341396a589664418cb8e33d2b6dc29) Importer(815301076,1909f56bfc062723c751e8b465ee728b)  -> (artifact id: '1f481c92a12412f5835d9d6ced1de1fc') in 0.000383 seconds
Number of updated asset objects reloaded before import = 0
Number of asset objects unloaded after import = 0
========================================================================
Received Import Request.
  Time since last request: 15.769914 seconds.
  path: Assets/SimpleNaturePack/Scenes
  artifactKey: Guid(cf7d20afeed25e648acff9bab9734317) Importer(815301076,1909f56bfc062723c751e8b465ee728b)
Start importing Assets/SimpleNaturePack/Scenes using Guid(cf7d20afeed25e648acff9bab9734317) Importer(815301076,1909f56bfc062723c751e8b465ee728b)  -> (artifact id: '7afc3aa42562afbcff9b7f619ef5c506') in 0.000340 seconds
Number of updated asset objects reloaded before import = 0
Number of asset objects unloaded after import = 0
========================================================================
Received Import Request.
  Time since last request: 15.571114 seconds.
  path: Assets/SimpleNaturePack/SimpleNaturePack_2020.3_HDRP_v1.24.unitypackage
  artifactKey: Guid(58f7e79a87c79824597746e8c1bfe400) Importer(815301076,1909f56bfc062723c751e8b465ee728b)
Start importing Assets/SimpleNaturePack/SimpleNaturePack_2020.3_HDRP_v1.24.unitypackage using Guid(58f7e79a87c79824597746e8c1bfe400) Importer(815301076,1909f56bfc062723c751e8b465ee728b)  -> (artifact id: 'bbfa62574fcea5af13acb52d149786a0') in 0.000712 seconds
Number of updated asset objects reloaded before import = 0
Number of asset objects unloaded after import = 1
========================================================================
Received Import Request.
  Time since last request: 2.707213 seconds.
  path: Assets/SimpleNaturePack/SimpleNaturePack_2020.3_URP_v1.24.unitypackage
  artifactKey: Guid(f58d25b9e504a4f41ab4a71cf87c1845) Importer(815301076,1909f56bfc062723c751e8b465ee728b)
Start importing Assets/SimpleNaturePack/SimpleNaturePack_2020.3_URP_v1.24.unitypackage using Guid(f58d25b9e504a4f41ab4a71cf87c1845) Importer(815301076,1909f56bfc062723c751e8b465ee728b)  -> (artifact id: 'e8de7e059d99dbf1f6dbd761378fcf79') in 0.000620 seconds
Number of updated asset objects reloaded before import = 0
Number of asset objects unloaded after import = 1
========================================================================
Received Import Request.
  Time since last request: 14.281256 seconds.
  path: Assets/SimpleNaturePack/Packages
  artifactKey: Guid(45444beee21acf44bb0627c025785515) Importer(815301076,1909f56bfc062723c751e8b465ee728b)
Start importing Assets/SimpleNaturePack/Packages using Guid(45444beee21acf44bb0627c025785515) Importer(815301076,1909f56bfc062723c751e8b465ee728b)  -> (artifact id: '42d2e1e3863c330061e8758b38f1c11f') in 0.000397 seconds
Number of updated asset objects reloaded before import = 0
Number of asset objects unloaded after import = 0
========================================================================
Received Import Request.
  Time since last request: 15.468573 seconds.
  path: Assets/Selcuk Gerceker
  artifactKey: Guid(659d6b57b9e986d41b3d893b47befce4) Importer(815301076,1909f56bfc062723c751e8b465ee728b)
Start importing Assets/Selcuk Gerceker using Guid(659d6b57b9e986d41b3d893b47befce4) Importer(815301076,1909f56bfc062723c751e8b465ee728b)  -> (artifact id: 'd540bc55fd9365037b14eb809efc4a76') in 0.000385 seconds
Number of updated asset objects reloaded before import = 0
Number of asset objects unloaded after import = 0
========================================================================
Received Import Request.
  Time since last request: 1.502630 seconds.
  path: Assets/Selcuk Gerceker/Toon Environments - World Creator Pack Lite
  artifactKey: Guid(abe5d9b0f996d17478ed585339f24e8a) Importer(815301076,1909f56bfc062723c751e8b465ee728b)
Start importing Assets/Selcuk Gerceker/Toon Environments - World Creator Pack Lite using Guid(abe5d9b0f996d17478ed585339f24e8a) Importer(815301076,1909f56bfc062723c751e8b465ee728b)  -> (artifact id: '2a5db44359a2ec2b4fa075ad2b572ac9') in 0.000355 seconds
Number of updated asset objects reloaded before import = 0
Number of asset objects unloaded after import = 0
========================================================================
Received Import Request.
  Time since last request: 16.913457 seconds.
  path: Assets/LowpolySimpleHouse/Assets
  artifactKey: Guid(8f0a786c9db124d4ebfee4c6ee81f3be) Importer(815301076,1909f56bfc062723c751e8b465ee728b)
Start importing Assets/LowpolySimpleHouse/Assets using Guid(8f0a786c9db124d4ebfee4c6ee81f3be) Importer(815301076,1909f56bfc062723c751e8b465ee728b)  -> (artifact id: '8fe9259ebe693cb0bef9f27765b94bf6') in 0.000344 seconds
Number of updated asset objects reloaded before import = 0
Number of asset objects unloaded after import = 0
========================================================================
Received Import Request.
  Time since last request: 1.991390 seconds.
  path: Assets/LowpolySimpleHouse/Assets/Material
  artifactKey: Guid(ddc3aa25ad671294b96cd574df0c10af) Importer(815301076,1909f56bfc062723c751e8b465ee728b)
Start importing Assets/LowpolySimpleHouse/Assets/Material using Guid(ddc3aa25ad671294b96cd574df0c10af) Importer(815301076,1909f56bfc062723c751e8b465ee728b)  -> (artifact id: '8ab20c74ff3adb6b50bffc0bd414e8ed') in 0.000377 seconds
Number of updated asset objects reloaded before import = 0
Number of asset objects unloaded after import = 0
========================================================================
Received Import Request.
  Time since last request: 0.052681 seconds.
  path: Assets/LowpolySimpleHouse/Assets/Material/Color Texture.png
  artifactKey: Guid(d5bc5fea7f83b5940aa64acad96fa42e) Importer(815301076,1909f56bfc062723c751e8b465ee728b)
Start importing Assets/LowpolySimpleHouse/Assets/Material/Color Texture.png using Guid(d5bc5fea7f83b5940aa64acad96fa42e) Importer(815301076,1909f56bfc062723c751e8b465ee728b)  -> (artifact id: '3783d76aab342ad3a344d68161defd97') in 0.022266 seconds
Number of updated asset objects reloaded before import = 0
Number of asset objects unloaded after import = 2
========================================================================
Received Import Request.
  Time since last request: 0.000014 seconds.
  path: Assets/LowpolySimpleHouse/Assets/Material/HeartTexture.mat
  artifactKey: Guid(c05b118af698a7d4aa83936bf74f6b6a) Importer(815301076,1909f56bfc062723c751e8b465ee728b)
Start importing Assets/LowpolySimpleHouse/Assets/Material/HeartTexture.mat using Guid(c05b118af698a7d4aa83936bf74f6b6a) Importer(815301076,1909f56bfc062723c751e8b465ee728b)  -> (artifact id: 'b129ed73d69a4bcb2e7504a1f9b6230e') in 0.009850 seconds
Number of updated asset objects reloaded before import = 0
Number of asset objects unloaded after import = 2
========================================================================
Received Import Request.
  Time since last request: 0.000016 seconds.
  path: Assets/LowpolySimpleHouse/Assets/Material/heart_texture.png
  artifactKey: Guid(39a274c12b812e8469ebfc29a6c43563) Importer(815301076,1909f56bfc062723c751e8b465ee728b)
Start importing Assets/LowpolySimpleHouse/Assets/Material/heart_texture.png using Guid(39a274c12b812e8469ebfc29a6c43563) Importer(815301076,1909f56bfc062723c751e8b465ee728b)  -> (artifact id: 'c2793f92489ab7aa5a5bd1184910b67f') in 0.012086 seconds
Number of updated asset objects reloaded before import = 0
Number of asset objects unloaded after import = 2
========================================================================
Received Import Request.
  Time since last request: 0.000022 seconds.
  path: Assets/LowpolySimpleHouse/Assets/Material/Green.mat
  artifactKey: Guid(a24d30d3f56981546a66ea64b8117a5f) Importer(815301076,1909f56bfc062723c751e8b465ee728b)
Start importing Assets/LowpolySimpleHouse/Assets/Material/Green.mat using Guid(a24d30d3f56981546a66ea64b8117a5f) Importer(815301076,1909f56bfc062723c751e8b465ee728b)  -> (artifact id: 'bb998388c5577e13a230bbc7b803237c') in 0.123480 seconds
Number of updated asset objects reloaded before import = 0
Number of asset objects unloaded after import = 1
========================================================================
Received Import Request.
  Time since last request: 14.383810 seconds.
  path: Assets/LowpolySimpleHouse/Assets/Prefabs/Prop_Barrel.prefab
  artifactKey: Guid(da274ad5e1210224ea49f5087b83827c) Importer(815301076,1909f56bfc062723c751e8b465ee728b)
Start importing Assets/LowpolySimpleHouse/Assets/Prefabs/Prop_Barrel.prefab using Guid(da274ad5e1210224ea49f5087b83827c) Importer(815301076,1909f56bfc062723c751e8b465ee728b)  -> (artifact id: 'dc58900cd4c0e981f2072c48aae1f510') in 0.078721 seconds
Number of updated asset objects reloaded before import = 0
Number of asset objects unloaded after import = 9
========================================================================
Received Import Request.
  Time since last request: 0.000025 seconds.
  path: Assets/LowpolySimpleHouse/Assets/Prefabs/Prop_TreeTrunk_Cutoff.prefab
  artifactKey: Guid(4178e589dbcda09438c383795bd795a0) Importer(815301076,1909f56bfc062723c751e8b465ee728b)
Start importing Assets/LowpolySimpleHouse/Assets/Prefabs/Prop_TreeTrunk_Cutoff.prefab using Guid(4178e589dbcda09438c383795bd795a0) Importer(815301076,1909f56bfc062723c751e8b465ee728b)  -> (artifact id: '31dacd04eb859c47b00abd5cbf4826e5') in 0.009623 seconds
Number of updated asset objects reloaded before import = 0
Number of asset objects unloaded after import = 9
========================================================================
Received Import Request.
  Time since last request: 0.000019 seconds.
  path: Assets/LowpolySimpleHouse/Assets/Prefabs/Prop_Mushroom.prefab
  artifactKey: Guid(768bb90dd60021a41832bbb4b8043e44) Importer(815301076,1909f56bfc062723c751e8b465ee728b)
Start importing Assets/LowpolySimpleHouse/Assets/Prefabs/Prop_Mushroom.prefab using Guid(768bb90dd60021a41832bbb4b8043e44) Importer(815301076,1909f56bfc062723c751e8b465ee728b)  -> (artifact id: '1b8d6a1719d27da4c86d37db723872a0') in 0.009271 seconds
Number of updated asset objects reloaded before import = 0
Number of asset objects unloaded after import = 9
========================================================================
Received Import Request.
  Time since last request: 0.000016 seconds.
  path: Assets/LowpolySimpleHouse/Assets/Prefabs/Prop_WoodenWheelBarrow.prefab
  artifactKey: Guid(3dfabecee5d404544a56dc2d38a81093) Importer(815301076,1909f56bfc062723c751e8b465ee728b)
Start importing Assets/LowpolySimpleHouse/Assets/Prefabs/Prop_WoodenWheelBarrow.prefab using Guid(3dfabecee5d404544a56dc2d38a81093) Importer(815301076,1909f56bfc062723c751e8b465ee728b)  -> (artifact id: 'ab8b5e8c953cadf7254c6eec38db6f35') in 0.009324 seconds
Number of updated asset objects reloaded before import = 0
Number of asset objects unloaded after import = 9
========================================================================
Received Import Request.
  Time since last request: 0.000011 seconds.
  path: Assets/LowpolySimpleHouse/Assets/Prefabs/Prop_Stone_3.prefab
  artifactKey: Guid(68034244fc9ab654e8268ccbc6f1b680) Importer(815301076,1909f56bfc062723c751e8b465ee728b)
Start importing Assets/LowpolySimpleHouse/Assets/Prefabs/Prop_Stone_3.prefab using Guid(68034244fc9ab654e8268ccbc6f1b680) Importer(815301076,1909f56bfc062723c751e8b465ee728b)  -> (artifact id: '38050f475770abe67f64b734ec0751e9') in 0.008883 seconds
Number of updated asset objects reloaded before import = 0
Number of asset objects unloaded after import = 9
========================================================================
Received Import Request.
  Time since last request: 9.072318 seconds.
  path: Assets/LowpolySimpleHouse/Assets/Mesh/Prop_Barrel.fbx
  artifactKey: Guid(d4fdbb823575e6843a51c73cd6f70d91) Importer(815301076,1909f56bfc062723c751e8b465ee728b)
Start importing Assets/LowpolySimpleHouse/Assets/Mesh/Prop_Barrel.fbx using Guid(d4fdbb823575e6843a51c73cd6f70d91) Importer(815301076,1909f56bfc062723c751e8b465ee728b)  -> (artifact id: '29782434399a626cf453349f12d49e1c') in 0.033519 seconds
Number of updated asset objects reloaded before import = 0
Number of asset objects unloaded after import = 8
========================================================================
Received Import Request.
  Time since last request: 0.000012 seconds.
  path: Assets/LowpolySimpleHouse/Assets/Mesh/Trees_Pink.fbx
  artifactKey: Guid(e5ec036b07dabf34da49270ca169c61e) Importer(815301076,1909f56bfc062723c751e8b465ee728b)
Start importing Assets/LowpolySimpleHouse/Assets/Mesh/Trees_Pink.fbx using Guid(e5ec036b07dabf34da49270ca169c61e) Importer(815301076,1909f56bfc062723c751e8b465ee728b)  -> (artifact id: '971304026ebaadcad9e9040ca29249e3') in 0.032189 seconds
Number of updated asset objects reloaded before import = 0
Number of asset objects unloaded after import = 8
========================================================================
Received Import Request.
  Time since last request: 0.000016 seconds.
  path: Assets/LowpolySimpleHouse/Assets/Mesh/Prop_House_TopDeco.fbx
  artifactKey: Guid(960cafaf3ae66054c9615cbdcdd80edb) Importer(815301076,1909f56bfc062723c751e8b465ee728b)
Start importing Assets/LowpolySimpleHouse/Assets/Mesh/Prop_House_TopDeco.fbx using Guid(960cafaf3ae66054c9615cbdcdd80edb) Importer(815301076,1909f56bfc062723c751e8b465ee728b)  -> (artifact id: 'bcea7cdccc6d26d7cacfbe7e0373b8c1') in 0.048452 seconds
Number of updated asset objects reloaded before import = 0
Number of asset objects unloaded after import = 8
========================================================================
Received Import Request.
  Time since last request: 0.000015 seconds.
  path: Assets/LowpolySimpleHouse/Assets/Mesh/Prop_Mushroom.fbx
  artifactKey: Guid(3b524ca010a997144a42a23047fc06a3) Importer(815301076,1909f56bfc062723c751e8b465ee728b)
Start importing Assets/LowpolySimpleHouse/Assets/Mesh/Prop_Mushroom.fbx using Guid(3b524ca010a997144a42a23047fc06a3) Importer(815301076,1909f56bfc062723c751e8b465ee728b)  -> (artifact id: 'e94337b0e96bdb64fc58d91ee8c756f3') in 0.028708 seconds
Number of updated asset objects reloaded before import = 0
Number of asset objects unloaded after import = 8
========================================================================
Received Import Request.
  Time since last request: 0.000013 seconds.
  path: Assets/LowpolySimpleHouse/Assets/Mesh/Prop_House.fbx
  artifactKey: Guid(eed70b2da2072ec41a26f3e955d55554) Importer(815301076,1909f56bfc062723c751e8b465ee728b)
Start importing Assets/LowpolySimpleHouse/Assets/Mesh/Prop_House.fbx using Guid(eed70b2da2072ec41a26f3e955d55554) Importer(815301076,1909f56bfc062723c751e8b465ee728b)  -> (artifact id: '1d72ad5fd7cd996e94f95bc8d32faf64') in 0.096938 seconds
Number of updated asset objects reloaded before import = 0
Number of asset objects unloaded after import = 9
========================================================================
Received Prepare
Begin MonoManager ReloadAssembly
- Loaded All Assemblies, in  0.353 seconds
Refreshing native plugins compatible for Editor in 2.34 ms, found 3 plugins.
Native extension for WindowsStandalone target not found
Native extension for WebGL target not found
[Package Manager] Server::EnsureServerProcessIsRunning -- launch failed, reason: Unity was launched with the -noUpm command-line argument
[Package Manager] UpmClient::Send -- Unable to send message (not connected to UPM process).
[Package Manager] Cannot connect to Unity Package Manager local server
Mono: successfully reloaded assembly
- Finished resetting the current domain, in  0.639 seconds
Domain Reload Profiling: 990ms
	BeginReloadAssembly (124ms)
		ExecutionOrderSort (0ms)
		DisableScriptedObjects (3ms)
		BackupInstance (0ms)
		ReleaseScriptingObjects (0ms)
		CreateAndSetChildDomain (34ms)
	RebuildCommonClasses (23ms)
	RebuildNativeTypeToScriptingClass (8ms)
	initialDomainReloadingComplete (24ms)
	LoadAllAssembliesAndSetupDomain (172ms)
		LoadAssemblies (221ms)
		RebuildTransferFunctionScriptingTraits (0ms)
		AnalyzeDomain (14ms)
			TypeCache.Refresh (5ms)
				TypeCache.ScanAssembly (0ms)
			ScanForSourceGeneratedMonoScriptInfo (5ms)
			ResolveRequiredComponents (3ms)
	FinalizeReload (639ms)
		ReleaseScriptCaches (0ms)
		RebuildScriptCaches (0ms)
		SetupLoadedEditorAssemblies (272ms)
			LogAssemblyErrors (0ms)
			InitializePlatformSupportModulesInManaged (6ms)
			SetLoadedEditorAssemblies (3ms)
			RefreshPlugins (0ms)
			BeforeProcessingInitializeOnLoad (49ms)
			ProcessInitializeOnLoadAttributes (191ms)
			ProcessInitializeOnLoadMethodAttributes (16ms)
			AfterProcessingInitializeOnLoad (7ms)
			EditorAssembliesLoaded (0ms)
		ExecutionOrderSort2 (0ms)
		AwakeInstancesAfterBackupRestoration (5ms)
Refreshing native plugins compatible for Editor in 2.29 ms, found 3 plugins.
Preloading 0 native plugins for Editor in 0.00 ms.
Unloading 3080 Unused Serialized files (Serialized files now loaded: 0)
Unloading 31 unused Assets / (1.0 MB). Loaded Objects now: 3598.
Memory consumption went from 129.3 MB to 128.3 MB.
Total: 2.353500 ms (FindLiveObjects: 0.179100 ms CreateObjectMapping: 0.067700 ms MarkObjects: 1.794700 ms  DeleteObjects: 0.311400 ms)

Prepare: number of updated asset objects reloaded= 0
AssetImportParameters requested are different than current active one (requested -> active):
  custom:container-demuxer-ogg: 62fdf1f143b41e24485cea50d1cbac27 -> 
  custom:video-decoder-ogg-theora: a1e56fd34408186e4bbccfd4996cb3dc -> 
  custom:framework-win-MediaFoundation: 216162199b28c13a410421893ffa2e32 -> 
  custom:CustomObjectIndexerAttribute: 756ad292c208cfabdd7b50bc23989ffe -> 
  custom:container-demuxer-webm: 4f35f7cbe854078d1ac9338744f61a02 -> 
  custom:container-muxer-webm: aa71ff27fc2769a1b78a27578f13a17b -> 
  custom:video-decoder-webm-vp8: 9c59270c3fd7afecdb556c50c9e8de78 -> 
  custom:SearchIndexIgnoredProperties: e643bd26f0fe6173181afceb89e7c659 -> 
  custom:AudioImporter_EditorPlatform: d09bf68614088b80899f8185d706f6e7 -> 
  custom:video-encoder-webm-vp8: eb34c28f22e8b96e1ab97ce403110664 -> 
  custom:audio-decoder-ogg-vorbis: bf7c407c2cedff20999df2af8eb42d56 -> 
  custom:audio-encoder-webm-vorbis: bf7c407c2cedff20999df2af8eb42d56 -> 
========================================================================
Received Import Request.
  Time since last request: 56.077399 seconds.
  path: Assets/PartyMonsterDuo/Material/DefaultPBR02.mat
  artifactKey: Guid(f5fb83cc0815eec429d8e3c27094e525) Importer(815301076,1909f56bfc062723c751e8b465ee728b)
Start importing Assets/PartyMonsterDuo/Material/DefaultPBR02.mat using Guid(f5fb83cc0815eec429d8e3c27094e525) Importer(815301076,1909f56bfc062723c751e8b465ee728b)  -> (artifact id: 'edbf9083562685e6ab03b764e76fe5cb') in 0.232107 seconds
Number of updated asset objects reloaded before import = 0
Number of asset objects unloaded after import = 4
========================================================================
Received Import Request.
  Time since last request: 8.700457 seconds.
  path: Assets/PartyMonsterDuo/Mesh/DefaultCharacterMesh_PBR01.fbx
  artifactKey: Guid(ce779cf8c1f9f4e4d90ce2772d9f74fb) Importer(815301076,1909f56bfc062723c751e8b465ee728b)
Start importing Assets/PartyMonsterDuo/Mesh/DefaultCharacterMesh_PBR01.fbx using Guid(ce779cf8c1f9f4e4d90ce2772d9f74fb) Importer(815301076,1909f56bfc062723c751e8b465ee728b)  -> (artifact id: 'f7b18d70bb5d0d09de59d7c69cc11719') in 0.152577 seconds
Number of updated asset objects reloaded before import = 0
Number of asset objects unloaded after import = 156
========================================================================
Received Import Request.
  Time since last request: 4.806145 seconds.
  path: Assets/PartyMonsterDuo/Prefab/C02.prefab
  artifactKey: Guid(379cfb6848589a948b84691a4df3bed9) Importer(815301076,1909f56bfc062723c751e8b465ee728b)
Start importing Assets/PartyMonsterDuo/Prefab/C02.prefab using Guid(379cfb6848589a948b84691a4df3bed9) Importer(815301076,1909f56bfc062723c751e8b465ee728b)  -> (artifact id: '029fa9f4720b4ad4796f24802271d9c9') in 0.039027 seconds
Number of updated asset objects reloaded before import = 0
Number of asset objects unloaded after import = 250
========================================================================
Received Import Request.
  Time since last request: 36.899821 seconds.
  path: Assets/PartyMonsterDuo/Texture/PBR_Albedo_01.png
  artifactKey: Guid(d6066840495d6424a88c152bfa0bfc51) Importer(815301076,1909f56bfc062723c751e8b465ee728b)
Start importing Assets/PartyMonsterDuo/Texture/PBR_Albedo_01.png using Guid(d6066840495d6424a88c152bfa0bfc51) Importer(815301076,1909f56bfc062723c751e8b465ee728b)  -> (artifact id: 'c3341a201088a5ea8d371cdd04d2826e') in 0.019304 seconds
Number of updated asset objects reloaded before import = 0
Number of asset objects unloaded after import = 2
========================================================================
Received Import Request.
  Time since last request: 0.000011 seconds.
  path: Assets/PartyMonsterDuo/Texture/PBR_MetallicSmoothness_01.png
  artifactKey: Guid(b5d7ff13d256db94493a853b9dc1b96b) Importer(815301076,1909f56bfc062723c751e8b465ee728b)
Start importing Assets/PartyMonsterDuo/Texture/PBR_MetallicSmoothness_01.png using Guid(b5d7ff13d256db94493a853b9dc1b96b) Importer(815301076,1909f56bfc062723c751e8b465ee728b)  -> (artifact id: 'cfed18cf0f50272816b17487f797b8e6') in 0.013987 seconds
Number of updated asset objects reloaded before import = 0
Number of asset objects unloaded after import = 2
Editor requested this worker to shutdown with reason: Scaling down because of idle timeout
TcpMessagingSession - receive error: operation aborted. errorcode: 995, details: The I/O operation has been aborted because of either a thread exit or an application request.
AssetImportWorker is now disconnected from the server
Process exiting
Exiting without the bug reporter. Application will terminate with return code 0