Using pre-set license
Built from '2022.3/staging' branch; Version is '2022.3.11f1 (d00248457e15) revision 13632072'; Using compiler version '192829333'; Build Type 'Release'
OS: 'Windows 10  (10.0.19045) 64bit Professional' Language: 'en' Physical Memory: 32649 MB
BatchMode: 1, IsHumanControllingUs: 0, StartBugReporterOnCrash: 0, Is64bit: 1, IsPro: 1

COMMAND LINE ARGUMENTS:
C:\Program Files\Unity\Hub\Editor\2022.3.11f1\Editor\Unity.exe
-adb2
-batchMode
-noUpm
-name
AssetImportWorker8
-projectPath
C:/Users/Mimo/Documents/Projekty/-Unity-3D-Shooter---AS_23/Shooter 3d
-logFile
Logs/AssetImportWorker8.log
-srvPort
56008
Successfully changed project path to: C:/Users/Mimo/Documents/Projekty/-Unity-3D-Shooter---AS_23/Shooter 3d
C:/Users/Mimo/Documents/Projekty/-Unity-3D-Shooter---AS_23/Shooter 3d
[UnityMemory] Configuration Parameters - Can be set up in boot.config
    "memorysetup-bucket-allocator-granularity=16"
    "memorysetup-bucket-allocator-bucket-count=8"
    "memorysetup-bucket-allocator-block-size=33554432"
    "memorysetup-bucket-allocator-block-count=8"
    "memorysetup-main-allocator-block-size=16777216"
    "memorysetup-thread-allocator-block-size=16777216"
    "memorysetup-gfx-main-allocator-block-size=16777216"
    "memorysetup-gfx-thread-allocator-block-size=16777216"
    "memorysetup-cache-allocator-block-size=4194304"
    "memorysetup-typetree-allocator-block-size=2097152"
    "memorysetup-profiler-bucket-allocator-granularity=16"
    "memorysetup-profiler-bucket-allocator-bucket-count=8"
    "memorysetup-profiler-bucket-allocator-block-size=33554432"
    "memorysetup-profiler-bucket-allocator-block-count=8"
    "memorysetup-profiler-allocator-block-size=16777216"
    "memorysetup-profiler-editor-allocator-block-size=1048576"
    "memorysetup-temp-allocator-size-main=16777216"
    "memorysetup-job-temp-allocator-block-size=2097152"
    "memorysetup-job-temp-allocator-block-size-background=1048576"
    "memorysetup-job-temp-allocator-reduction-small-platforms=262144"
    "memorysetup-allocator-temp-initial-block-size-main=262144"
    "memorysetup-allocator-temp-initial-block-size-worker=262144"
    "memorysetup-temp-allocator-size-background-worker=32768"
    "memorysetup-temp-allocator-size-job-worker=262144"
    "memorysetup-temp-allocator-size-preload-manager=33554432"
    "memorysetup-temp-allocator-size-nav-mesh-worker=65536"
    "memorysetup-temp-allocator-size-audio-worker=65536"
    "memorysetup-temp-allocator-size-cloud-worker=32768"
    "memorysetup-temp-allocator-size-gi-baking-worker=262144"
    "memorysetup-temp-allocator-size-gfx=262144"
Player connection [23000] Host "[IP] 192.168.0.45 [Port] 0 [Flags] 2 [Guid] 786770608 [EditorId] 786770608 [Version] 1048832 [Id] WindowsEditor(7,DESKTOP-N9L2QB2) [Debug] 1 [PackageName] WindowsEditor [ProjectName] Editor" joined multi-casting on [225.0.0.222:54997]...

Player connection [23000] Host "[IP] 192.168.0.45 [Port] 0 [Flags] 2 [Guid] 786770608 [EditorId] 786770608 [Version] 1048832 [Id] WindowsEditor(7,DESKTOP-N9L2QB2) [Debug] 1 [PackageName] WindowsEditor [ProjectName] Editor" joined alternative multi-casting on [225.0.0.222:34997]...

[Physics::Module] Initialized MultithreadedJobDispatcher with 15 workers.
Refreshing native plugins compatible for Editor in 6.26 ms, found 3 plugins.
Preloading 0 native plugins for Editor in 0.00 ms.
Initialize engine version: 2022.3.11f1 (d00248457e15)
[Subsystems] Discovering subsystems at path C:/Program Files/Unity/Hub/Editor/2022.3.11f1/Editor/Data/Resources/UnitySubsystems
[Subsystems] Discovering subsystems at path C:/Users/Mimo/Documents/Projekty/-Unity-3D-Shooter---AS_23/Shooter 3d/Assets
GfxDevice: creating device client; threaded=0; jobified=0
Direct3D:
    Version:  Direct3D 11.0 [level 11.1]
    Renderer: NVIDIA GeForce RTX 3060 (ID=0x2487)
    Vendor:   NVIDIA
    VRAM:     12124 MB
    Driver:   31.0.15.3623
Initialize mono
Mono path[0] = 'C:/Program Files/Unity/Hub/Editor/2022.3.11f1/Editor/Data/Managed'
Mono path[1] = 'C:/Program Files/Unity/Hub/Editor/2022.3.11f1/Editor/Data/MonoBleedingEdge/lib/mono/unityjit-win32'
Mono config path = 'C:/Program Files/Unity/Hub/Editor/2022.3.11f1/Editor/Data/MonoBleedingEdge/etc'
Using monoOptions --debugger-agent=transport=dt_socket,embedding=1,server=y,suspend=n,address=127.0.0.1:56184
Begin MonoManager ReloadAssembly
Registering precompiled unity dll's ...
Register platform support module: C:/Program Files/Unity/Hub/Editor/2022.3.11f1/Editor/Data/PlaybackEngines/WebGLSupport/UnityEditor.WebGL.Extensions.dll
Register platform support module: C:/Program Files/Unity/Hub/Editor/2022.3.11f1/Editor/Data/PlaybackEngines/WindowsStandaloneSupport/UnityEditor.WindowsStandalone.Extensions.dll
Registered in 0.007318 seconds.
- Loaded All Assemblies, in  0.241 seconds
Native extension for WindowsStandalone target not found
Native extension for WebGL target not found
Mono: successfully reloaded assembly
- Finished resetting the current domain, in  0.174 seconds
Domain Reload Profiling: 413ms
	BeginReloadAssembly (73ms)
		ExecutionOrderSort (0ms)
		DisableScriptedObjects (0ms)
		BackupInstance (0ms)
		ReleaseScriptingObjects (0ms)
		CreateAndSetChildDomain (0ms)
	RebuildCommonClasses (24ms)
	RebuildNativeTypeToScriptingClass (7ms)
	initialDomainReloadingComplete (43ms)
	LoadAllAssembliesAndSetupDomain (93ms)
		LoadAssemblies (72ms)
		RebuildTransferFunctionScriptingTraits (0ms)
		AnalyzeDomain (92ms)
			TypeCache.Refresh (91ms)
				TypeCache.ScanAssembly (82ms)
			ScanForSourceGeneratedMonoScriptInfo (0ms)
			ResolveRequiredComponents (0ms)
	FinalizeReload (174ms)
		ReleaseScriptCaches (0ms)
		RebuildScriptCaches (0ms)
		SetupLoadedEditorAssemblies (134ms)
			LogAssemblyErrors (0ms)
			InitializePlatformSupportModulesInManaged (8ms)
			SetLoadedEditorAssemblies (3ms)
			RefreshPlugins (0ms)
			BeforeProcessingInitializeOnLoad (2ms)
			ProcessInitializeOnLoadAttributes (89ms)
			ProcessInitializeOnLoadMethodAttributes (32ms)
			AfterProcessingInitializeOnLoad (0ms)
			EditorAssembliesLoaded (0ms)
		ExecutionOrderSort2 (0ms)
		AwakeInstancesAfterBackupRestoration (0ms)
========================================================================
Worker process is ready to serve import requests
Begin MonoManager ReloadAssembly
- Loaded All Assemblies, in  0.396 seconds
Refreshing native plugins compatible for Editor in 2.34 ms, found 3 plugins.
Native extension for WindowsStandalone target not found
Native extension for WebGL target not found
Package Manager log level set to [2]
[Package Manager] Server::EnsureServerProcessIsRunning -- launch failed, reason: Unity was launched with the -noUpm command-line argument
[Package Manager] UpmClient::Send -- Unable to send message (not connected to UPM process).
[Package Manager] Cannot connect to Unity Package Manager local server
Mono: successfully reloaded assembly
- Finished resetting the current domain, in  0.374 seconds
Domain Reload Profiling: 768ms
	BeginReloadAssembly (99ms)
		ExecutionOrderSort (0ms)
		DisableScriptedObjects (4ms)
		BackupInstance (0ms)
		ReleaseScriptingObjects (0ms)
		CreateAndSetChildDomain (16ms)
	RebuildCommonClasses (22ms)
	RebuildNativeTypeToScriptingClass (7ms)
	initialDomainReloadingComplete (30ms)
	LoadAllAssembliesAndSetupDomain (236ms)
		LoadAssemblies (187ms)
		RebuildTransferFunctionScriptingTraits (0ms)
		AnalyzeDomain (106ms)
			TypeCache.Refresh (94ms)
				TypeCache.ScanAssembly (85ms)
			ScanForSourceGeneratedMonoScriptInfo (9ms)
			ResolveRequiredComponents (2ms)
	FinalizeReload (374ms)
		ReleaseScriptCaches (0ms)
		RebuildScriptCaches (0ms)
		SetupLoadedEditorAssemblies (275ms)
			LogAssemblyErrors (0ms)
			InitializePlatformSupportModulesInManaged (5ms)
			SetLoadedEditorAssemblies (3ms)
			RefreshPlugins (0ms)
			BeforeProcessingInitializeOnLoad (44ms)
			ProcessInitializeOnLoadAttributes (202ms)
			ProcessInitializeOnLoadMethodAttributes (15ms)
			AfterProcessingInitializeOnLoad (5ms)
			EditorAssembliesLoaded (0ms)
		ExecutionOrderSort2 (0ms)
		AwakeInstancesAfterBackupRestoration (4ms)
Launched and connected shader compiler UnityShaderCompiler.exe after 0.03 seconds
Refreshing native plugins compatible for Editor in 2.19 ms, found 3 plugins.
Preloading 0 native plugins for Editor in 0.00 ms.
Unloading 3087 Unused Serialized files (Serialized files now loaded: 0)
Unloading 32 unused Assets / (57.1 KB). Loaded Objects now: 3551.
Memory consumption went from 123.9 MB to 123.9 MB.
Total: 2.299000 ms (FindLiveObjects: 0.150600 ms CreateObjectMapping: 0.082000 ms MarkObjects: 1.987300 ms  DeleteObjects: 0.078700 ms)

AssetImportParameters requested are different than current active one (requested -> active):
  custom:container-demuxer-ogg: 62fdf1f143b41e24485cea50d1cbac27 -> 
  custom:video-decoder-ogg-theora: a1e56fd34408186e4bbccfd4996cb3dc -> 
  custom:framework-win-MediaFoundation: 216162199b28c13a410421893ffa2e32 -> 
  custom:CustomObjectIndexerAttribute: 756ad292c208cfabdd7b50bc23989ffe -> 
  custom:container-demuxer-webm: 4f35f7cbe854078d1ac9338744f61a02 -> 
  custom:container-muxer-webm: aa71ff27fc2769a1b78a27578f13a17b -> 
  custom:video-decoder-webm-vp8: 9c59270c3fd7afecdb556c50c9e8de78 -> 
  custom:SearchIndexIgnoredProperties: e643bd26f0fe6173181afceb89e7c659 -> 
  custom:AudioImporter_EditorPlatform: d09bf68614088b80899f8185d706f6e7 -> 
  custom:video-encoder-webm-vp8: eb34c28f22e8b96e1ab97ce403110664 -> 
  custom:audio-decoder-ogg-vorbis: bf7c407c2cedff20999df2af8eb42d56 -> 
  custom:audio-encoder-webm-vorbis: bf7c407c2cedff20999df2af8eb42d56 -> 
========================================================================
Received Import Request.
  Time since last request: 218910.014286 seconds.
  path: Assets/RPGMonsterPartnersPBRPolyart/Animations/Beholder/Attack02RPT.fbx
  artifactKey: Guid(b1522de0f5934d5a8f7086ec995cab43) Importer(815301076,1909f56bfc062723c751e8b465ee728b)
Start importing Assets/RPGMonsterPartnersPBRPolyart/Animations/Beholder/Attack02RPT.fbx using Guid(b1522de0f5934d5a8f7086ec995cab43) Importer(815301076,1909f56bfc062723c751e8b465ee728b)  -> (artifact id: 'e5f6f1b8867bf5750a4ebd84a3c32901') in 0.105739 seconds
Number of updated asset objects reloaded before import = 0
Number of asset objects unloaded after import = 103
========================================================================
Received Import Request.
  Time since last request: 24.522157 seconds.
  path: Assets/RPGMonsterPartnersPBRPolyart/Materials/PolyartDefault.mat
  artifactKey: Guid(f1724eecaf9d4e7e93cc07cfcb6b4b97) Importer(815301076,1909f56bfc062723c751e8b465ee728b)
Start importing Assets/RPGMonsterPartnersPBRPolyart/Materials/PolyartDefault.mat using Guid(f1724eecaf9d4e7e93cc07cfcb6b4b97) Importer(815301076,1909f56bfc062723c751e8b465ee728b)  -> (artifact id: 'cfe39be7ed9c2a0fa3655b6fcdbe7136') in 0.025893 seconds
Number of updated asset objects reloaded before import = 0
Number of asset objects unloaded after import = 2
========================================================================
Received Import Request.
  Time since last request: 22.316913 seconds.
  path: Assets/RPGMonsterPartnersPBRPolyart/Meshes/Character/BeholderPolyartMesh.fbx
  artifactKey: Guid(9e6376af45d044888914cb4041e67a21) Importer(815301076,1909f56bfc062723c751e8b465ee728b)
Start importing Assets/RPGMonsterPartnersPBRPolyart/Meshes/Character/BeholderPolyartMesh.fbx using Guid(9e6376af45d044888914cb4041e67a21) Importer(815301076,1909f56bfc062723c751e8b465ee728b)  -> (artifact id: '4b74a53a8e8215fa4d8dbf45b818b6d3') in 0.031371 seconds
Number of updated asset objects reloaded before import = 0
Number of asset objects unloaded after import = 102
========================================================================
Received Import Request.
  Time since last request: 79.918632 seconds.
  path: Assets/Selcuk Gerceker/Toon Environments - World Creator Pack Lite/Materials/Candyland_Asphalt.mat
  artifactKey: Guid(1c802a906d69bf74aa77329fd96d59af) Importer(815301076,1909f56bfc062723c751e8b465ee728b)
Start importing Assets/Selcuk Gerceker/Toon Environments - World Creator Pack Lite/Materials/Candyland_Asphalt.mat using Guid(1c802a906d69bf74aa77329fd96d59af) Importer(815301076,1909f56bfc062723c751e8b465ee728b)  -> (artifact id: 'c53e55f1bffe29e7da90f267f24d6c65') in 0.009229 seconds
Number of updated asset objects reloaded before import = 0
Number of asset objects unloaded after import = 2
========================================================================
Received Import Request.
  Time since last request: 0.003638 seconds.
  path: Assets/Selcuk Gerceker/Toon Environments - World Creator Pack Lite/Materials/Fall.mat
  artifactKey: Guid(f15d3e742a1142741b5ebcba4fd016fc) Importer(815301076,1909f56bfc062723c751e8b465ee728b)
Start importing Assets/Selcuk Gerceker/Toon Environments - World Creator Pack Lite/Materials/Fall.mat using Guid(f15d3e742a1142741b5ebcba4fd016fc) Importer(815301076,1909f56bfc062723c751e8b465ee728b)  -> (artifact id: 'ab92242ca064d0c482aefa505ca3fca4') in 0.010814 seconds
Number of updated asset objects reloaded before import = 0
Number of asset objects unloaded after import = 2
========================================================================
Received Import Request.
  Time since last request: 0.000013 seconds.
  path: Assets/Selcuk Gerceker/Toon Environments - World Creator Pack Lite/Materials/Winter_Asphalt.mat
  artifactKey: Guid(6da175c1349cbfa419a7ac76edb0072e) Importer(815301076,1909f56bfc062723c751e8b465ee728b)
Start importing Assets/Selcuk Gerceker/Toon Environments - World Creator Pack Lite/Materials/Winter_Asphalt.mat using Guid(6da175c1349cbfa419a7ac76edb0072e) Importer(815301076,1909f56bfc062723c751e8b465ee728b)  -> (artifact id: '88776ed6041dc742bc23fb48790965ed') in 0.010088 seconds
Number of updated asset objects reloaded before import = 0
Number of asset objects unloaded after import = 2
========================================================================
Received Import Request.
  Time since last request: 0.000018 seconds.
  path: Assets/Selcuk Gerceker/Toon Environments - World Creator Pack Lite/Materials/Desert.mat
  artifactKey: Guid(7e2dc823cb4e1cb4ab7175bd44b18a05) Importer(815301076,1909f56bfc062723c751e8b465ee728b)
Start importing Assets/Selcuk Gerceker/Toon Environments - World Creator Pack Lite/Materials/Desert.mat using Guid(7e2dc823cb4e1cb4ab7175bd44b18a05) Importer(815301076,1909f56bfc062723c751e8b465ee728b)  -> (artifact id: '85489902dd948af57fc18fe60802aeb6') in 0.010586 seconds
Number of updated asset objects reloaded before import = 0
Number of asset objects unloaded after import = 2
========================================================================
Received Import Request.
  Time since last request: 0.000013 seconds.
  path: Assets/Selcuk Gerceker/Toon Environments - World Creator Pack Lite/Materials/Fall_Asphalt.mat
  artifactKey: Guid(5f2c2409442022c43a94fbeda4a282df) Importer(815301076,1909f56bfc062723c751e8b465ee728b)
Start importing Assets/Selcuk Gerceker/Toon Environments - World Creator Pack Lite/Materials/Fall_Asphalt.mat using Guid(5f2c2409442022c43a94fbeda4a282df) Importer(815301076,1909f56bfc062723c751e8b465ee728b)  -> (artifact id: 'b20e5afbe4411d4ec22f41acef3cede3') in 0.010829 seconds
Number of updated asset objects reloaded before import = 0
Number of asset objects unloaded after import = 2
========================================================================
Received Import Request.
  Time since last request: 0.000012 seconds.
  path: Assets/Selcuk Gerceker/Toon Environments - World Creator Pack Lite/Materials/Desert_Asphalt.mat
  artifactKey: Guid(90de90912ef346643aab87ea7b08807b) Importer(815301076,1909f56bfc062723c751e8b465ee728b)
Start importing Assets/Selcuk Gerceker/Toon Environments - World Creator Pack Lite/Materials/Desert_Asphalt.mat using Guid(90de90912ef346643aab87ea7b08807b) Importer(815301076,1909f56bfc062723c751e8b465ee728b)  -> (artifact id: 'f39eb036b4e3960db37c217164489081') in 0.009271 seconds
Number of updated asset objects reloaded before import = 0
Number of asset objects unloaded after import = 2
========================================================================
Received Import Request.
  Time since last request: 15.965498 seconds.
  path: Assets/Selcuk Gerceker/Toon Environments - World Creator Pack Lite/Models/Props/Cloud_Box.fbx
  artifactKey: Guid(28b3b7ae3b07b824b8fb499e0bca25d8) Importer(815301076,1909f56bfc062723c751e8b465ee728b)
Start importing Assets/Selcuk Gerceker/Toon Environments - World Creator Pack Lite/Models/Props/Cloud_Box.fbx using Guid(28b3b7ae3b07b824b8fb499e0bca25d8) Importer(815301076,1909f56bfc062723c751e8b465ee728b)  -> (artifact id: 'be5988af5b6b90fa81d335482760f657') in 0.013247 seconds
Number of updated asset objects reloaded before import = 0
Number of asset objects unloaded after import = 7
========================================================================
Received Import Request.
  Time since last request: 0.000013 seconds.
  path: Assets/Selcuk Gerceker/Toon Environments - World Creator Pack Lite/Models/Props/Stone1.fbx
  artifactKey: Guid(c66ae5d8378321a4d8d6876b0dfbd9eb) Importer(815301076,1909f56bfc062723c751e8b465ee728b)
Start importing Assets/Selcuk Gerceker/Toon Environments - World Creator Pack Lite/Models/Props/Stone1.fbx using Guid(c66ae5d8378321a4d8d6876b0dfbd9eb) Importer(815301076,1909f56bfc062723c751e8b465ee728b)  -> (artifact id: 'ed372f4cd4396ed2e09de52cda87afe7') in 0.012516 seconds
Number of updated asset objects reloaded before import = 0
Number of asset objects unloaded after import = 7
========================================================================
Received Import Request.
  Time since last request: 0.000013 seconds.
  path: Assets/Selcuk Gerceker/Toon Environments - World Creator Pack Lite/Models/Props/Tree_Chopped.fbx
  artifactKey: Guid(991cfd69cbe918147a8b0d6390e3ce60) Importer(815301076,1909f56bfc062723c751e8b465ee728b)
Start importing Assets/Selcuk Gerceker/Toon Environments - World Creator Pack Lite/Models/Props/Tree_Chopped.fbx using Guid(991cfd69cbe918147a8b0d6390e3ce60) Importer(815301076,1909f56bfc062723c751e8b465ee728b)  -> (artifact id: 'a11f13d90dbf9b4047362532b51e1e74') in 0.012029 seconds
Number of updated asset objects reloaded before import = 0
Number of asset objects unloaded after import = 7
========================================================================
Received Import Request.
  Time since last request: 0.000013 seconds.
  path: Assets/Selcuk Gerceker/Toon Environments - World Creator Pack Lite/Models/Props/Grass.fbx
  artifactKey: Guid(7292cbbcd062e3440b9895a64d229825) Importer(815301076,1909f56bfc062723c751e8b465ee728b)
Start importing Assets/Selcuk Gerceker/Toon Environments - World Creator Pack Lite/Models/Props/Grass.fbx using Guid(7292cbbcd062e3440b9895a64d229825) Importer(815301076,1909f56bfc062723c751e8b465ee728b)  -> (artifact id: 'a63735b1b5b9d016b281403221840908') in 0.011374 seconds
Number of updated asset objects reloaded before import = 0
Number of asset objects unloaded after import = 7
========================================================================
Received Import Request.
  Time since last request: 0.000014 seconds.
  path: Assets/Selcuk Gerceker/Toon Environments - World Creator Pack Lite/Models/Props/Ladder.fbx
  artifactKey: Guid(1794450f220477e47a10c39e8146079c) Importer(815301076,1909f56bfc062723c751e8b465ee728b)
Start importing Assets/Selcuk Gerceker/Toon Environments - World Creator Pack Lite/Models/Props/Ladder.fbx using Guid(1794450f220477e47a10c39e8146079c) Importer(815301076,1909f56bfc062723c751e8b465ee728b)  -> (artifact id: '5c0ae1bfa0c35d83b13fd5f6a6ce17ce') in 0.011790 seconds
Number of updated asset objects reloaded before import = 0
Number of asset objects unloaded after import = 7
========================================================================
Received Import Request.
  Time since last request: 0.000011 seconds.
  path: Assets/Selcuk Gerceker/Toon Environments - World Creator Pack Lite/Models/Props/Tree.fbx
  artifactKey: Guid(9515c260d15c8d9459e425512a9d8366) Importer(815301076,1909f56bfc062723c751e8b465ee728b)
Start importing Assets/Selcuk Gerceker/Toon Environments - World Creator Pack Lite/Models/Props/Tree.fbx using Guid(9515c260d15c8d9459e425512a9d8366) Importer(815301076,1909f56bfc062723c751e8b465ee728b)  -> (artifact id: '8aeb16633f13a5a2f01d7936c2a2d401') in 0.017594 seconds
Number of updated asset objects reloaded before import = 0
Number of asset objects unloaded after import = 14
========================================================================
Received Import Request.
  Time since last request: 53.095011 seconds.
  path: Assets/Tiles/Tile_Center_Foundation.prefab
  artifactKey: Guid(b924dce73e13fbd46b06d493f10d4ad7) Importer(815301076,1909f56bfc062723c751e8b465ee728b)
Start importing Assets/Tiles/Tile_Center_Foundation.prefab using Guid(b924dce73e13fbd46b06d493f10d4ad7) Importer(815301076,1909f56bfc062723c751e8b465ee728b)  -> (artifact id: '6b147b61e9e0d02c13a4a570e14a391b') in 0.009517 seconds
Number of updated asset objects reloaded before import = 0
Number of asset objects unloaded after import = 9
========================================================================
Received Import Request.
  Time since last request: 0.000015 seconds.
  path: Assets/Tiles/Tile_Road_End.prefab
  artifactKey: Guid(2f063d1731a14f24eb3d35f5ad829dc1) Importer(815301076,1909f56bfc062723c751e8b465ee728b)
Start importing Assets/Tiles/Tile_Road_End.prefab using Guid(2f063d1731a14f24eb3d35f5ad829dc1) Importer(815301076,1909f56bfc062723c751e8b465ee728b)  -> (artifact id: 'bfad2c76cc8ac6ca450b0798dc4fdb1d') in 0.011987 seconds
Number of updated asset objects reloaded before import = 0
Number of asset objects unloaded after import = 9
========================================================================
Received Import Request.
  Time since last request: 0.000018 seconds.
  path: Assets/Tiles/Tile_Road_Solo.prefab
  artifactKey: Guid(341e51ffcacc4a3419e517763508953d) Importer(815301076,1909f56bfc062723c751e8b465ee728b)
Start importing Assets/Tiles/Tile_Road_Solo.prefab using Guid(341e51ffcacc4a3419e517763508953d) Importer(815301076,1909f56bfc062723c751e8b465ee728b)  -> (artifact id: '7c789030fdd0ff9fe94be3577b18b567') in 0.009589 seconds
Number of updated asset objects reloaded before import = 0
Number of asset objects unloaded after import = 9
========================================================================
Received Import Request.
  Time since last request: 0.000012 seconds.
  path: Assets/Tiles/Tile_Road_Solo_Corner.prefab
  artifactKey: Guid(040d94d054ec7e24ab107208a252541c) Importer(815301076,1909f56bfc062723c751e8b465ee728b)
Start importing Assets/Tiles/Tile_Road_Solo_Corner.prefab using Guid(040d94d054ec7e24ab107208a252541c) Importer(815301076,1909f56bfc062723c751e8b465ee728b)  -> (artifact id: 'c83ff949750991198bfd3edb017d82da') in 0.009714 seconds
Number of updated asset objects reloaded before import = 0
Number of asset objects unloaded after import = 9
========================================================================
Received Import Request.
  Time since last request: 43.350988 seconds.
  path: Assets/Materials/PolyartDefault - Copy.mat
  artifactKey: Guid(f1724eecaf9d4e7e93cc07cfcb6b4b97) Importer(815301076,1909f56bfc062723c751e8b465ee728b)
Start importing Assets/Materials/PolyartDefault - Copy.mat using Guid(f1724eecaf9d4e7e93cc07cfcb6b4b97) Importer(815301076,1909f56bfc062723c751e8b465ee728b)  -> (artifact id: '1f856fb75f93f98455b2e4a3d28e251b') in 0.031451 seconds
Number of updated asset objects reloaded before import = 0
Number of asset objects unloaded after import = 2
========================================================================
Received Import Request.
  Time since last request: 3.757297 seconds.
  path: Assets/Meshes/bag_002.fbx
  artifactKey: Guid(d2888be83c9c7fc458a9428e445d289a) Importer(815301076,1909f56bfc062723c751e8b465ee728b)
Start importing Assets/Meshes/bag_002.fbx using Guid(d2888be83c9c7fc458a9428e445d289a) Importer(815301076,1909f56bfc062723c751e8b465ee728b)  -> (artifact id: 'f91f1fdbe848c12ce645369d59b813ea') in 0.010936 seconds
Number of updated asset objects reloaded before import = 0
Number of asset objects unloaded after import = 7
========================================================================
Received Import Request.
  Time since last request: 0.000015 seconds.
  path: Assets/Meshes/fabulous_mushroom_001.fbx
  artifactKey: Guid(d25790d011d1dd34a8a4991cee752b04) Importer(815301076,1909f56bfc062723c751e8b465ee728b)
Start importing Assets/Meshes/fabulous_mushroom_001.fbx using Guid(d25790d011d1dd34a8a4991cee752b04) Importer(815301076,1909f56bfc062723c751e8b465ee728b)  -> (artifact id: 'c2059768723cc63ba7727996e675de2b') in 0.012118 seconds
Number of updated asset objects reloaded before import = 0
Number of asset objects unloaded after import = 7
========================================================================
Received Import Request.
  Time since last request: 0.000013 seconds.
  path: Assets/Meshes/cart_001.fbx
  artifactKey: Guid(bdab041ba774f914b9e0b392290b206e) Importer(815301076,1909f56bfc062723c751e8b465ee728b)
Start importing Assets/Meshes/cart_001.fbx using Guid(bdab041ba774f914b9e0b392290b206e) Importer(815301076,1909f56bfc062723c751e8b465ee728b)  -> (artifact id: 'fe0d7f55bd6fe2ee8fdde94213f20820') in 0.011214 seconds
Number of updated asset objects reloaded before import = 0
Number of asset objects unloaded after import = 7
========================================================================
Received Import Request.
  Time since last request: 0.000014 seconds.
  path: Assets/Meshes/box_001.fbx
  artifactKey: Guid(75971e221ffe2c34a9c3df487b4f032e) Importer(815301076,1909f56bfc062723c751e8b465ee728b)
Start importing Assets/Meshes/box_001.fbx using Guid(75971e221ffe2c34a9c3df487b4f032e) Importer(815301076,1909f56bfc062723c751e8b465ee728b)  -> (artifact id: '410674c606cb775a5ddc179fca35e5d3') in 0.010551 seconds
Number of updated asset objects reloaded before import = 0
Number of asset objects unloaded after import = 7
========================================================================
Received Import Request.
  Time since last request: 0.000012 seconds.
  path: Assets/Meshes/SlimePolyartMesh.fbx
  artifactKey: Guid(56fc0b4f7d154039a7099564596a545b) Importer(815301076,1909f56bfc062723c751e8b465ee728b)
Start importing Assets/Meshes/SlimePolyartMesh.fbx using Guid(56fc0b4f7d154039a7099564596a545b) Importer(815301076,1909f56bfc062723c751e8b465ee728b)  -> (artifact id: '60f2a387f55c6c4bc5fa7cfb3dce96e7') in 0.012172 seconds
Number of updated asset objects reloaded before import = 0
Number of asset objects unloaded after import = 30
========================================================================
Received Import Request.
  Time since last request: 0.000011 seconds.
  path: Assets/Meshes/box_001.001.fbx
  artifactKey: Guid(2e1d7e1885f00104ead237b39c4e2bf9) Importer(815301076,1909f56bfc062723c751e8b465ee728b)
Start importing Assets/Meshes/box_001.001.fbx using Guid(2e1d7e1885f00104ead237b39c4e2bf9) Importer(815301076,1909f56bfc062723c751e8b465ee728b)  -> (artifact id: '49ee2e55f1fe0cce75fdcd7e22e60f65') in 0.008854 seconds
Number of updated asset objects reloaded before import = 0
Number of asset objects unloaded after import = 7
========================================================================
Received Import Request.
  Time since last request: 0.000015 seconds.
  path: Assets/Meshes/fabulous_mushroom_004.fbx
  artifactKey: Guid(e699cd5cb66c73c488e9f396d667f892) Importer(815301076,1909f56bfc062723c751e8b465ee728b)
Start importing Assets/Meshes/fabulous_mushroom_004.fbx using Guid(e699cd5cb66c73c488e9f396d667f892) Importer(815301076,1909f56bfc062723c751e8b465ee728b)  -> (artifact id: '19ecf56efa5ac35454b3c7bf5acde247') in 0.011883 seconds
Number of updated asset objects reloaded before import = 0
Number of asset objects unloaded after import = 7
========================================================================
Received Import Request.
  Time since last request: 0.000012 seconds.
  path: Assets/Meshes/tree_001.fbx
  artifactKey: Guid(7424d45a698023849bd966a8dc47d923) Importer(815301076,1909f56bfc062723c751e8b465ee728b)
Start importing Assets/Meshes/tree_001.fbx using Guid(7424d45a698023849bd966a8dc47d923) Importer(815301076,1909f56bfc062723c751e8b465ee728b)  -> (artifact id: '41622b2385e11f1eac8557ee144896ac') in 0.011860 seconds
Number of updated asset objects reloaded before import = 0
Number of asset objects unloaded after import = 7
========================================================================
Received Import Request.
  Time since last request: 0.000013 seconds.
  path: Assets/Meshes/stall_001.fbx
  artifactKey: Guid(91736217d702fdc47897e544fcae2a39) Importer(815301076,1909f56bfc062723c751e8b465ee728b)
Start importing Assets/Meshes/stall_001.fbx using Guid(91736217d702fdc47897e544fcae2a39) Importer(815301076,1909f56bfc062723c751e8b465ee728b)  -> (artifact id: 'dffc81e1f4fe8f17eb480f7cc9c251b6') in 0.013523 seconds
Number of updated asset objects reloaded before import = 0
Number of asset objects unloaded after import = 7
========================================================================
Received Import Request.
  Time since last request: 0.000013 seconds.
  path: Assets/Meshes/house_002.fbx
  artifactKey: Guid(6c31dd6049ce38043b25661864744ba9) Importer(815301076,1909f56bfc062723c751e8b465ee728b)
Start importing Assets/Meshes/house_002.fbx using Guid(6c31dd6049ce38043b25661864744ba9) Importer(815301076,1909f56bfc062723c751e8b465ee728b)  -> (artifact id: '2af8a117b6a646fa990664258d154749') in 0.012857 seconds
Number of updated asset objects reloaded before import = 0
Number of asset objects unloaded after import = 7
========================================================================
Received Import Request.
  Time since last request: 0.000015 seconds.
  path: Assets/Meshes/fabulous_mushroom_003.fbx
  artifactKey: Guid(480fac4eaafb30d458ef3de2c67c4d44) Importer(815301076,1909f56bfc062723c751e8b465ee728b)
Start importing Assets/Meshes/fabulous_mushroom_003.fbx using Guid(480fac4eaafb30d458ef3de2c67c4d44) Importer(815301076,1909f56bfc062723c751e8b465ee728b)  -> (artifact id: 'bcf0d9a6f5380504edf07db9c70f44cb') in 0.013282 seconds
Number of updated asset objects reloaded before import = 0
Number of asset objects unloaded after import = 7
========================================================================
Received Import Request.
  Time since last request: 0.000019 seconds.
  path: Assets/Meshes/log_002.fbx
  artifactKey: Guid(749e4892f680ec34ca59a30e560388b7) Importer(815301076,1909f56bfc062723c751e8b465ee728b)
Start importing Assets/Meshes/log_002.fbx using Guid(749e4892f680ec34ca59a30e560388b7) Importer(815301076,1909f56bfc062723c751e8b465ee728b)  -> (artifact id: '5f3db3037734767e996ed0febc4cdd6c') in 0.009524 seconds
Number of updated asset objects reloaded before import = 0
Number of asset objects unloaded after import = 7
========================================================================
Received Import Request.
  Time since last request: 12.849788 seconds.
  path: Assets/Prefabs/bone1.prefab
  artifactKey: Guid(59f35b235fd106e4fbc636fdb2630276) Importer(815301076,1909f56bfc062723c751e8b465ee728b)
Start importing Assets/Prefabs/bone1.prefab using Guid(59f35b235fd106e4fbc636fdb2630276) Importer(815301076,1909f56bfc062723c751e8b465ee728b)  -> (artifact id: 'feca2372bd09ca419489d0512cf4f2eb') in 0.021076 seconds
Number of updated asset objects reloaded before import = 0
Number of asset objects unloaded after import = 8
========================================================================
Received Import Request.
  Time since last request: 0.000017 seconds.
  path: Assets/Prefabs/Flowers_02.prefab
  artifactKey: Guid(299e7a1cb6456cf4fa6079cf5978df9b) Importer(815301076,1909f56bfc062723c751e8b465ee728b)
Start importing Assets/Prefabs/Flowers_02.prefab using Guid(299e7a1cb6456cf4fa6079cf5978df9b) Importer(815301076,1909f56bfc062723c751e8b465ee728b)  -> (artifact id: 'f619bdeb166f379cbf8277632f6adc9e') in 0.021253 seconds
Number of updated asset objects reloaded before import = 0
Number of asset objects unloaded after import = 18
========================================================================
Received Import Request.
  Time since last request: 0.000011 seconds.
  path: Assets/Prefabs/coffin.prefab
  artifactKey: Guid(f934345242e7f734992f098ab6423238) Importer(815301076,1909f56bfc062723c751e8b465ee728b)
Start importing Assets/Prefabs/coffin.prefab using Guid(f934345242e7f734992f098ab6423238) Importer(815301076,1909f56bfc062723c751e8b465ee728b)  -> (artifact id: '029aff2670b34eef43877e47621823e4') in 0.011593 seconds
Number of updated asset objects reloaded before import = 0
Number of asset objects unloaded after import = 8
========================================================================
Received Import Request.
  Time since last request: 0.000015 seconds.
  path: Assets/Prefabs/Colobus.prefab
  artifactKey: Guid(84b7c8441f160174fa5c6f94cf397f0a) Importer(815301076,1909f56bfc062723c751e8b465ee728b)
Start importing Assets/Prefabs/Colobus.prefab using Guid(84b7c8441f160174fa5c6f94cf397f0a) Importer(815301076,1909f56bfc062723c751e8b465ee728b)  -> (artifact id: 'b80104e9ce5bfedf0940f14109364ca7') in 0.150887 seconds
Number of updated asset objects reloaded before import = 0
Number of asset objects unloaded after import = 127
========================================================================
Received Import Request.
  Time since last request: 0.000023 seconds.
  path: Assets/Prefabs/brokentombstone2.prefab
  artifactKey: Guid(f8197b56c6c60e84b8b48ffd0c5b4e9c) Importer(815301076,1909f56bfc062723c751e8b465ee728b)
Start importing Assets/Prefabs/brokentombstone2.prefab using Guid(f8197b56c6c60e84b8b48ffd0c5b4e9c) Importer(815301076,1909f56bfc062723c751e8b465ee728b)  -> (artifact id: '511eaf147c53eb738dc504316742c36f') in 0.010865 seconds
Number of updated asset objects reloaded before import = 0
Number of asset objects unloaded after import = 8
========================================================================
Received Import Request.
  Time since last request: 0.000018 seconds.
  path: Assets/Prefabs/brokentombstone3.prefab
  artifactKey: Guid(791f6d86b0466b54bb5d89e40ae60019) Importer(815301076,1909f56bfc062723c751e8b465ee728b)
Start importing Assets/Prefabs/brokentombstone3.prefab using Guid(791f6d86b0466b54bb5d89e40ae60019) Importer(815301076,1909f56bfc062723c751e8b465ee728b)  -> (artifact id: '84d75448ec19753de69bb70d0f837123') in 0.010113 seconds
Number of updated asset objects reloaded before import = 0
Number of asset objects unloaded after import = 8
========================================================================
Received Import Request.
  Time since last request: 0.000018 seconds.
  path: Assets/Prefabs/grave8.prefab
  artifactKey: Guid(9eb22df59167cf543ac139f28667c909) Importer(815301076,1909f56bfc062723c751e8b465ee728b)
Start importing Assets/Prefabs/grave8.prefab using Guid(9eb22df59167cf543ac139f28667c909) Importer(815301076,1909f56bfc062723c751e8b465ee728b)  -> (artifact id: '457fb23a53b4c334d3880bd494964888') in 0.009349 seconds
Number of updated asset objects reloaded before import = 0
Number of asset objects unloaded after import = 8
========================================================================
Received Import Request.
  Time since last request: 0.000013 seconds.
  path: Assets/Prefabs/cross1.prefab
  artifactKey: Guid(9d9b8bb6415028e488ab9999685f4c5b) Importer(815301076,1909f56bfc062723c751e8b465ee728b)
Start importing Assets/Prefabs/cross1.prefab using Guid(9d9b8bb6415028e488ab9999685f4c5b) Importer(815301076,1909f56bfc062723c751e8b465ee728b)  -> (artifact id: '5a08910ba80c24facddef68b60a8c09c') in 0.009989 seconds
Number of updated asset objects reloaded before import = 0
Number of asset objects unloaded after import = 8
========================================================================
Received Import Request.
  Time since last request: 0.000015 seconds.
  path: Assets/Prefabs/Ground_03.prefab
  artifactKey: Guid(3f9b178ccd3b86f4ebbfc1f5a2815e56) Importer(815301076,1909f56bfc062723c751e8b465ee728b)
Start importing Assets/Prefabs/Ground_03.prefab using Guid(3f9b178ccd3b86f4ebbfc1f5a2815e56) Importer(815301076,1909f56bfc062723c751e8b465ee728b)  -> (artifact id: 'c29262813ea567611e1fdec191a55908') in 0.009961 seconds
Number of updated asset objects reloaded before import = 0
Number of asset objects unloaded after import = 10
========================================================================
Received Import Request.
  Time since last request: 0.000012 seconds.
  path: Assets/Prefabs/grave4.prefab
  artifactKey: Guid(8ce8a0decba5f2348ad138738b234eca) Importer(815301076,1909f56bfc062723c751e8b465ee728b)
Start importing Assets/Prefabs/grave4.prefab using Guid(8ce8a0decba5f2348ad138738b234eca) Importer(815301076,1909f56bfc062723c751e8b465ee728b)  -> (artifact id: 'bb5fa529c20f7cbff232dc3aa20bae7c') in 0.008930 seconds
Number of updated asset objects reloaded before import = 0
Number of asset objects unloaded after import = 8
========================================================================
Received Import Request.
  Time since last request: 0.000016 seconds.
  path: Assets/Prefabs/buried grave2.prefab
  artifactKey: Guid(ad738a6f9b3f1054e96395e09e05cad0) Importer(815301076,1909f56bfc062723c751e8b465ee728b)
Start importing Assets/Prefabs/buried grave2.prefab using Guid(ad738a6f9b3f1054e96395e09e05cad0) Importer(815301076,1909f56bfc062723c751e8b465ee728b)  -> (artifact id: 'a6d4a334a9a16955b7827c65345709c1') in 0.009539 seconds
Number of updated asset objects reloaded before import = 0
Number of asset objects unloaded after import = 9
========================================================================
Received Import Request.
  Time since last request: 0.000011 seconds.
  path: Assets/Prefabs/Ground_02.prefab
  artifactKey: Guid(e2e682b966e3f644392ffbfab511e0e2) Importer(815301076,1909f56bfc062723c751e8b465ee728b)
Start importing Assets/Prefabs/Ground_02.prefab using Guid(e2e682b966e3f644392ffbfab511e0e2) Importer(815301076,1909f56bfc062723c751e8b465ee728b)  -> (artifact id: 'a93b317e7b0337a241041a4443263aba') in 0.009443 seconds
Number of updated asset objects reloaded before import = 0
Number of asset objects unloaded after import = 10
========================================================================
Received Import Request.
  Time since last request: 0.000015 seconds.
  path: Assets/Prefabs/flower2.prefab
  artifactKey: Guid(b4ada2a5d661256468e028076a58995a) Importer(815301076,1909f56bfc062723c751e8b465ee728b)
Start importing Assets/Prefabs/flower2.prefab using Guid(b4ada2a5d661256468e028076a58995a) Importer(815301076,1909f56bfc062723c751e8b465ee728b)  -> (artifact id: '88656855579d1dfc9cd34a754327b60b') in 0.008798 seconds
Number of updated asset objects reloaded before import = 0
Number of asset objects unloaded after import = 8
========================================================================
Received Import Request.
  Time since last request: 0.651299 seconds.
  path: Assets/Prefabs/Pudu.prefab
  artifactKey: Guid(252ba5fa5d8167e42af72cf97baa830e) Importer(815301076,1909f56bfc062723c751e8b465ee728b)
Start importing Assets/Prefabs/Pudu.prefab using Guid(252ba5fa5d8167e42af72cf97baa830e) Importer(815301076,1909f56bfc062723c751e8b465ee728b)  -> (artifact id: 'fc014110f1f396e3eca0fc99c0f26a3a') in 0.057181 seconds
Number of updated asset objects reloaded before import = 0
Number of asset objects unloaded after import = 125
========================================================================
Received Import Request.
  Time since last request: 0.000016 seconds.
  path: Assets/Prefabs/Tree_03.prefab
  artifactKey: Guid(c60edd51c065ceb46b345849a03bc106) Importer(815301076,1909f56bfc062723c751e8b465ee728b)
Start importing Assets/Prefabs/Tree_03.prefab using Guid(c60edd51c065ceb46b345849a03bc106) Importer(815301076,1909f56bfc062723c751e8b465ee728b)  -> (artifact id: '0805253258a1ec1528b397a5b3dac31c') in 0.009306 seconds
Number of updated asset objects reloaded before import = 0
Number of asset objects unloaded after import = 18
========================================================================
Received Import Request.
  Time since last request: 0.000017 seconds.
  path: Assets/Prefabs/Sparrow.prefab
  artifactKey: Guid(ad4137f595ec8e2449cacca9df7d3735) Importer(815301076,1909f56bfc062723c751e8b465ee728b)
Start importing Assets/Prefabs/Sparrow.prefab using Guid(ad4137f595ec8e2449cacca9df7d3735) Importer(815301076,1909f56bfc062723c751e8b465ee728b)  -> (artifact id: '55f4352f6e90f1aa324a900a3b0cf586') in 0.050088 seconds
Number of updated asset objects reloaded before import = 0
Number of asset objects unloaded after import = 128
========================================================================
Received Import Request.
  Time since last request: 3.431275 seconds.
  path: Assets/Prefabs/Character/BeholderPolyartDefault.prefab
  artifactKey: Guid(c73a559184154c75991d095521bdea87) Importer(815301076,1909f56bfc062723c751e8b465ee728b)
Start importing Assets/Prefabs/Character/BeholderPolyartDefault.prefab using Guid(c73a559184154c75991d095521bdea87) Importer(815301076,1909f56bfc062723c751e8b465ee728b)  -> (artifact id: 'd507e6e95c29445fa5ac83d8f4ce32e6') in 0.018055 seconds
Number of updated asset objects reloaded before import = 0
Number of asset objects unloaded after import = 164
========================================================================
Received Import Request.
  Time since last request: 7.251836 seconds.
  path: Assets/Textures/Candyland_Asphalt.png
  artifactKey: Guid(9ef261e82396b56498a9f4cb8b228bc6) Importer(815301076,1909f56bfc062723c751e8b465ee728b)
Start importing Assets/Textures/Candyland_Asphalt.png using Guid(9ef261e82396b56498a9f4cb8b228bc6) Importer(815301076,1909f56bfc062723c751e8b465ee728b)  -> (artifact id: '3c4c0f01e03c2a7654a60e47a4b9f23b') in 0.017566 seconds
Number of updated asset objects reloaded before import = 0
Number of asset objects unloaded after import = 2
========================================================================
Received Import Request.
  Time since last request: 0.000013 seconds.
  path: Assets/Textures/MyOwnTheme.png
  artifactKey: Guid(2bf1e16f92a560c45a2924116b79ca75) Importer(815301076,1909f56bfc062723c751e8b465ee728b)
Start importing Assets/Textures/MyOwnTheme.png using Guid(2bf1e16f92a560c45a2924116b79ca75) Importer(815301076,1909f56bfc062723c751e8b465ee728b)  -> (artifact id: '088c8108a717115ee86dafefd074124c') in 0.011737 seconds
Number of updated asset objects reloaded before import = 0
Number of asset objects unloaded after import = 2
========================================================================
Received Import Request.
  Time since last request: 0.000080 seconds.
  path: Assets/Textures/Fall.png
  artifactKey: Guid(9d27063479317504f93bc29675729d8f) Importer(815301076,1909f56bfc062723c751e8b465ee728b)
Start importing Assets/Textures/Fall.png using Guid(9d27063479317504f93bc29675729d8f) Importer(815301076,1909f56bfc062723c751e8b465ee728b)  -> (artifact id: '0f7f210bfbc3302debe55c0a971b7c39') in 0.012669 seconds
Number of updated asset objects reloaded before import = 0
Number of asset objects unloaded after import = 2
========================================================================
Received Import Request.
  Time since last request: 2.568896 seconds.
  path: Assets/Textures/Color Palettes PS Files/Desert.psd
  artifactKey: Guid(404d26be1c72c1c43b030409d0c6b61f) Importer(815301076,1909f56bfc062723c751e8b465ee728b)
Start importing Assets/Textures/Color Palettes PS Files/Desert.psd using Guid(404d26be1c72c1c43b030409d0c6b61f) Importer(815301076,1909f56bfc062723c751e8b465ee728b)  -> (artifact id: '76e978a6501cf8c03f6ab77dc73695d5') in 0.015470 seconds
Number of updated asset objects reloaded before import = 0
Number of asset objects unloaded after import = 2
========================================================================
Received Import Request.
  Time since last request: 0.000013 seconds.
  path: Assets/Textures/Color Palettes PS Files/Winter.psd
  artifactKey: Guid(fca2254da035784458c0e665cfa56132) Importer(815301076,1909f56bfc062723c751e8b465ee728b)
Start importing Assets/Textures/Color Palettes PS Files/Winter.psd using Guid(fca2254da035784458c0e665cfa56132) Importer(815301076,1909f56bfc062723c751e8b465ee728b)  -> (artifact id: '8bce799bb54303a7042bfe3b5b39bf19') in 0.012250 seconds
Number of updated asset objects reloaded before import = 0
Number of asset objects unloaded after import = 2
========================================================================
Received Import Request.
  Time since last request: 103.362850 seconds.
  path: Assets/Scripts/DemoController.prefab
  artifactKey: Guid(3ffd5f966ace6e74dbc3467092bca3c1) Importer(815301076,1909f56bfc062723c751e8b465ee728b)
Start importing Assets/Scripts/DemoController.prefab using Guid(3ffd5f966ace6e74dbc3467092bca3c1) Importer(815301076,1909f56bfc062723c751e8b465ee728b)  -> (artifact id: '6452da18525221e5c84b4bab3aa25d30') in 0.012686 seconds
Number of updated asset objects reloaded before import = 0
Number of asset objects unloaded after import = 231
========================================================================
Received Import Request.
  Time since last request: 8.036632 seconds.
  path: Assets/Scripts/PlayerController.cs
  artifactKey: Guid(bb18e92a4fdd1be438771bef41f42663) Importer(815301076,1909f56bfc062723c751e8b465ee728b)
Start importing Assets/Scripts/PlayerController.cs using Guid(bb18e92a4fdd1be438771bef41f42663) Importer(815301076,1909f56bfc062723c751e8b465ee728b)  -> (artifact id: 'f5ee5afd964b17af04ee31429636b456') in 0.000440 seconds
Number of updated asset objects reloaded before import = 0
Number of asset objects unloaded after import = 0
========================================================================
Received Prepare
Begin MonoManager ReloadAssembly
- Loaded All Assemblies, in  0.320 seconds
Refreshing native plugins compatible for Editor in 2.86 ms, found 3 plugins.
Native extension for WindowsStandalone target not found
Native extension for WebGL target not found
[Package Manager] Server::EnsureServerProcessIsRunning -- launch failed, reason: Unity was launched with the -noUpm command-line argument
[Package Manager] UpmClient::Send -- Unable to send message (not connected to UPM process).
[Package Manager] Cannot connect to Unity Package Manager local server
Mono: successfully reloaded assembly
- Finished resetting the current domain, in  0.624 seconds
Domain Reload Profiling: 942ms
	BeginReloadAssembly (117ms)
		ExecutionOrderSort (0ms)
		DisableScriptedObjects (4ms)
		BackupInstance (0ms)
		ReleaseScriptingObjects (0ms)
		CreateAndSetChildDomain (27ms)
	RebuildCommonClasses (23ms)
	RebuildNativeTypeToScriptingClass (7ms)
	initialDomainReloadingComplete (23ms)
	LoadAllAssembliesAndSetupDomain (148ms)
		LoadAssemblies (193ms)
		RebuildTransferFunctionScriptingTraits (0ms)
		AnalyzeDomain (15ms)
			TypeCache.Refresh (6ms)
				TypeCache.ScanAssembly (0ms)
			ScanForSourceGeneratedMonoScriptInfo (5ms)
			ResolveRequiredComponents (3ms)
	FinalizeReload (625ms)
		ReleaseScriptCaches (0ms)
		RebuildScriptCaches (0ms)
		SetupLoadedEditorAssemblies (282ms)
			LogAssemblyErrors (0ms)
			InitializePlatformSupportModulesInManaged (7ms)
			SetLoadedEditorAssemblies (3ms)
			RefreshPlugins (0ms)
			BeforeProcessingInitializeOnLoad (48ms)
			ProcessInitializeOnLoadAttributes (202ms)
			ProcessInitializeOnLoadMethodAttributes (15ms)
			AfterProcessingInitializeOnLoad (6ms)
			EditorAssembliesLoaded (0ms)
		ExecutionOrderSort2 (0ms)
		AwakeInstancesAfterBackupRestoration (5ms)
Refreshing native plugins compatible for Editor in 2.35 ms, found 3 plugins.
Preloading 0 native plugins for Editor in 0.00 ms.
Unloading 3077 Unused Serialized files (Serialized files now loaded: 0)
Unloading 27 unused Assets / (34.1 KB). Loaded Objects now: 3605.
Memory consumption went from 130.4 MB to 130.3 MB.
Total: 2.180300 ms (FindLiveObjects: 0.194800 ms CreateObjectMapping: 0.070200 ms MarkObjects: 1.870600 ms  DeleteObjects: 0.043900 ms)

Prepare: number of updated asset objects reloaded= 0
AssetImportParameters requested are different than current active one (requested -> active):
  custom:container-demuxer-ogg: 62fdf1f143b41e24485cea50d1cbac27 -> 
  custom:video-decoder-ogg-theora: a1e56fd34408186e4bbccfd4996cb3dc -> 
  custom:framework-win-MediaFoundation: 216162199b28c13a410421893ffa2e32 -> 
  custom:CustomObjectIndexerAttribute: 756ad292c208cfabdd7b50bc23989ffe -> 
  custom:container-demuxer-webm: 4f35f7cbe854078d1ac9338744f61a02 -> 
  custom:container-muxer-webm: aa71ff27fc2769a1b78a27578f13a17b -> 
  custom:video-decoder-webm-vp8: 9c59270c3fd7afecdb556c50c9e8de78 -> 
  custom:SearchIndexIgnoredProperties: e643bd26f0fe6173181afceb89e7c659 -> 
  custom:AudioImporter_EditorPlatform: d09bf68614088b80899f8185d706f6e7 -> 
  custom:video-encoder-webm-vp8: eb34c28f22e8b96e1ab97ce403110664 -> 
  custom:audio-decoder-ogg-vorbis: bf7c407c2cedff20999df2af8eb42d56 -> 
  custom:audio-encoder-webm-vorbis: bf7c407c2cedff20999df2af8eb42d56 -> 
========================================================================
Received Prepare
Begin MonoManager ReloadAssembly
- Loaded All Assemblies, in  0.326 seconds
Refreshing native plugins compatible for Editor in 2.12 ms, found 3 plugins.
Native extension for WindowsStandalone target not found
Native extension for WebGL target not found
[Package Manager] Server::EnsureServerProcessIsRunning -- launch failed, reason: Unity was launched with the -noUpm command-line argument
[Package Manager] UpmClient::Send -- Unable to send message (not connected to UPM process).
[Package Manager] Cannot connect to Unity Package Manager local server
Mono: successfully reloaded assembly
- Finished resetting the current domain, in  0.605 seconds
Domain Reload Profiling: 929ms
	BeginReloadAssembly (129ms)
		ExecutionOrderSort (0ms)
		DisableScriptedObjects (4ms)
		BackupInstance (0ms)
		ReleaseScriptingObjects (0ms)
		CreateAndSetChildDomain (31ms)
	RebuildCommonClasses (23ms)
	RebuildNativeTypeToScriptingClass (7ms)
	initialDomainReloadingComplete (23ms)
	LoadAllAssembliesAndSetupDomain (142ms)
		LoadAssemblies (195ms)
		RebuildTransferFunctionScriptingTraits (0ms)
		AnalyzeDomain (13ms)
			TypeCache.Refresh (5ms)
				TypeCache.ScanAssembly (0ms)
			ScanForSourceGeneratedMonoScriptInfo (4ms)
			ResolveRequiredComponents (3ms)
	FinalizeReload (605ms)
		ReleaseScriptCaches (0ms)
		RebuildScriptCaches (0ms)
		SetupLoadedEditorAssemblies (270ms)
			LogAssemblyErrors (0ms)
			InitializePlatformSupportModulesInManaged (6ms)
			SetLoadedEditorAssemblies (3ms)
			RefreshPlugins (0ms)
			BeforeProcessingInitializeOnLoad (48ms)
			ProcessInitializeOnLoadAttributes (192ms)
			ProcessInitializeOnLoadMethodAttributes (15ms)
			AfterProcessingInitializeOnLoad (6ms)
			EditorAssembliesLoaded (0ms)
		ExecutionOrderSort2 (0ms)
		AwakeInstancesAfterBackupRestoration (5ms)
Refreshing native plugins compatible for Editor in 2.31 ms, found 3 plugins.
Preloading 0 native plugins for Editor in 0.00 ms.
Unloading 3077 Unused Serialized files (Serialized files now loaded: 0)
Unloading 22 unused Assets / (30.2 KB). Loaded Objects now: 3608.
Memory consumption went from 132.2 MB to 132.1 MB.
Total: 1.968200 ms (FindLiveObjects: 0.174700 ms CreateObjectMapping: 0.066900 ms MarkObjects: 1.693900 ms  DeleteObjects: 0.032200 ms)

Prepare: number of updated asset objects reloaded= 0
AssetImportParameters requested are different than current active one (requested -> active):
  custom:container-demuxer-ogg: 62fdf1f143b41e24485cea50d1cbac27 -> 
  custom:video-decoder-ogg-theora: a1e56fd34408186e4bbccfd4996cb3dc -> 
  custom:framework-win-MediaFoundation: 216162199b28c13a410421893ffa2e32 -> 
  custom:CustomObjectIndexerAttribute: 756ad292c208cfabdd7b50bc23989ffe -> 
  custom:container-demuxer-webm: 4f35f7cbe854078d1ac9338744f61a02 -> 
  custom:container-muxer-webm: aa71ff27fc2769a1b78a27578f13a17b -> 
  custom:video-decoder-webm-vp8: 9c59270c3fd7afecdb556c50c9e8de78 -> 
  custom:SearchIndexIgnoredProperties: e643bd26f0fe6173181afceb89e7c659 -> 
  custom:AudioImporter_EditorPlatform: d09bf68614088b80899f8185d706f6e7 -> 
  custom:video-encoder-webm-vp8: eb34c28f22e8b96e1ab97ce403110664 -> 
  custom:audio-decoder-ogg-vorbis: bf7c407c2cedff20999df2af8eb42d56 -> 
  custom:audio-encoder-webm-vorbis: bf7c407c2cedff20999df2af8eb42d56 -> 
