Using pre-set license
Built from '2022.3/staging' branch; Version is '2022.3.11f1 (d00248457e15) revision 13632072'; Using compiler version '192829333'; Build Type 'Release'
OS: 'Windows 10  (10.0.19045) 64bit Professional' Language: 'en' Physical Memory: 32649 MB
BatchMode: 1, IsHumanControllingUs: 0, StartBugReporterOnCrash: 0, Is64bit: 1, IsPro: 1

COMMAND LINE ARGUMENTS:
C:\Program Files\Unity\Hub\Editor\2022.3.11f1\Editor\Unity.exe
-adb2
-batchMode
-noUpm
-name
AssetImportWorker0
-projectPath
C:/Users/Mimo/Documents/Projekty/-Unity-3D-Shooter---AS_23/Shooter 3d
-logFile
Logs/AssetImportWorker0.log
-srvPort
56008
Successfully changed project path to: C:/Users/Mimo/Documents/Projekty/-Unity-3D-Shooter---AS_23/Shooter 3d
C:/Users/Mimo/Documents/Projekty/-Unity-3D-Shooter---AS_23/Shooter 3d
[UnityMemory] Configuration Parameters - Can be set up in boot.config
    "memorysetup-bucket-allocator-granularity=16"
    "memorysetup-bucket-allocator-bucket-count=8"
    "memorysetup-bucket-allocator-block-size=33554432"
    "memorysetup-bucket-allocator-block-count=8"
    "memorysetup-main-allocator-block-size=16777216"
    "memorysetup-thread-allocator-block-size=16777216"
    "memorysetup-gfx-main-allocator-block-size=16777216"
    "memorysetup-gfx-thread-allocator-block-size=16777216"
    "memorysetup-cache-allocator-block-size=4194304"
    "memorysetup-typetree-allocator-block-size=2097152"
    "memorysetup-profiler-bucket-allocator-granularity=16"
    "memorysetup-profiler-bucket-allocator-bucket-count=8"
    "memorysetup-profiler-bucket-allocator-block-size=33554432"
    "memorysetup-profiler-bucket-allocator-block-count=8"
    "memorysetup-profiler-allocator-block-size=16777216"
    "memorysetup-profiler-editor-allocator-block-size=1048576"
    "memorysetup-temp-allocator-size-main=16777216"
    "memorysetup-job-temp-allocator-block-size=2097152"
    "memorysetup-job-temp-allocator-block-size-background=1048576"
    "memorysetup-job-temp-allocator-reduction-small-platforms=262144"
    "memorysetup-allocator-temp-initial-block-size-main=262144"
    "memorysetup-allocator-temp-initial-block-size-worker=262144"
    "memorysetup-temp-allocator-size-background-worker=32768"
    "memorysetup-temp-allocator-size-job-worker=262144"
    "memorysetup-temp-allocator-size-preload-manager=33554432"
    "memorysetup-temp-allocator-size-nav-mesh-worker=65536"
    "memorysetup-temp-allocator-size-audio-worker=65536"
    "memorysetup-temp-allocator-size-cloud-worker=32768"
    "memorysetup-temp-allocator-size-gi-baking-worker=262144"
    "memorysetup-temp-allocator-size-gfx=262144"
Player connection [6088] Host "[IP] 192.168.0.45 [Port] 0 [Flags] 2 [Guid] 1353990469 [EditorId] 1353990469 [Version] 1048832 [Id] WindowsEditor(7,DESKTOP-N9L2QB2) [Debug] 1 [PackageName] WindowsEditor [ProjectName] Editor" joined multi-casting on [225.0.0.222:54997]...

Player connection [6088] Host "[IP] 192.168.0.45 [Port] 0 [Flags] 2 [Guid] 1353990469 [EditorId] 1353990469 [Version] 1048832 [Id] WindowsEditor(7,DESKTOP-N9L2QB2) [Debug] 1 [PackageName] WindowsEditor [ProjectName] Editor" joined alternative multi-casting on [225.0.0.222:34997]...

[Physics::Module] Initialized MultithreadedJobDispatcher with 15 workers.
Refreshing native plugins compatible for Editor in 6.08 ms, found 3 plugins.
Preloading 0 native plugins for Editor in 0.00 ms.
Initialize engine version: 2022.3.11f1 (d00248457e15)
[Subsystems] Discovering subsystems at path C:/Program Files/Unity/Hub/Editor/2022.3.11f1/Editor/Data/Resources/UnitySubsystems
[Subsystems] Discovering subsystems at path C:/Users/Mimo/Documents/Projekty/-Unity-3D-Shooter---AS_23/Shooter 3d/Assets
GfxDevice: creating device client; threaded=0; jobified=0
Direct3D:
    Version:  Direct3D 11.0 [level 11.1]
    Renderer: NVIDIA GeForce RTX 3060 (ID=0x2487)
    Vendor:   NVIDIA
    VRAM:     12124 MB
    Driver:   31.0.15.3623
Initialize mono
Mono path[0] = 'C:/Program Files/Unity/Hub/Editor/2022.3.11f1/Editor/Data/Managed'
Mono path[1] = 'C:/Program Files/Unity/Hub/Editor/2022.3.11f1/Editor/Data/MonoBleedingEdge/lib/mono/unityjit-win32'
Mono config path = 'C:/Program Files/Unity/Hub/Editor/2022.3.11f1/Editor/Data/MonoBleedingEdge/etc'
Using monoOptions --debugger-agent=transport=dt_socket,embedding=1,server=y,suspend=n,address=127.0.0.1:56480
Begin MonoManager ReloadAssembly
Registering precompiled unity dll's ...
Register platform support module: C:/Program Files/Unity/Hub/Editor/2022.3.11f1/Editor/Data/PlaybackEngines/WebGLSupport/UnityEditor.WebGL.Extensions.dll
Register platform support module: C:/Program Files/Unity/Hub/Editor/2022.3.11f1/Editor/Data/PlaybackEngines/WindowsStandaloneSupport/UnityEditor.WindowsStandalone.Extensions.dll
Registered in 0.007149 seconds.
- Loaded All Assemblies, in  0.238 seconds
Native extension for WindowsStandalone target not found
Native extension for WebGL target not found
Mono: successfully reloaded assembly
- Finished resetting the current domain, in  0.174 seconds
Domain Reload Profiling: 411ms
	BeginReloadAssembly (75ms)
		ExecutionOrderSort (0ms)
		DisableScriptedObjects (0ms)
		BackupInstance (0ms)
		ReleaseScriptingObjects (0ms)
		CreateAndSetChildDomain (1ms)
	RebuildCommonClasses (23ms)
	RebuildNativeTypeToScriptingClass (7ms)
	initialDomainReloadingComplete (43ms)
	LoadAllAssembliesAndSetupDomain (89ms)
		LoadAssemblies (74ms)
		RebuildTransferFunctionScriptingTraits (0ms)
		AnalyzeDomain (88ms)
			TypeCache.Refresh (86ms)
				TypeCache.ScanAssembly (78ms)
			ScanForSourceGeneratedMonoScriptInfo (0ms)
			ResolveRequiredComponents (0ms)
	FinalizeReload (175ms)
		ReleaseScriptCaches (0ms)
		RebuildScriptCaches (0ms)
		SetupLoadedEditorAssemblies (135ms)
			LogAssemblyErrors (0ms)
			InitializePlatformSupportModulesInManaged (8ms)
			SetLoadedEditorAssemblies (3ms)
			RefreshPlugins (0ms)
			BeforeProcessingInitializeOnLoad (1ms)
			ProcessInitializeOnLoadAttributes (90ms)
			ProcessInitializeOnLoadMethodAttributes (32ms)
			AfterProcessingInitializeOnLoad (0ms)
			EditorAssembliesLoaded (0ms)
		ExecutionOrderSort2 (0ms)
		AwakeInstancesAfterBackupRestoration (0ms)
========================================================================
Worker process is ready to serve import requests
Begin MonoManager ReloadAssembly
- Loaded All Assemblies, in  0.410 seconds
Refreshing native plugins compatible for Editor in 2.57 ms, found 3 plugins.
Native extension for WindowsStandalone target not found
Native extension for WebGL target not found
Package Manager log level set to [2]
[Package Manager] Server::EnsureServerProcessIsRunning -- launch failed, reason: Unity was launched with the -noUpm command-line argument
[Package Manager] UpmClient::Send -- Unable to send message (not connected to UPM process).
[Package Manager] Cannot connect to Unity Package Manager local server
Mono: successfully reloaded assembly
- Finished resetting the current domain, in  0.373 seconds
Domain Reload Profiling: 781ms
	BeginReloadAssembly (103ms)
		ExecutionOrderSort (0ms)
		DisableScriptedObjects (4ms)
		BackupInstance (0ms)
		ReleaseScriptingObjects (0ms)
		CreateAndSetChildDomain (15ms)
	RebuildCommonClasses (23ms)
	RebuildNativeTypeToScriptingClass (7ms)
	initialDomainReloadingComplete (31ms)
	LoadAllAssembliesAndSetupDomain (245ms)
		LoadAssemblies (197ms)
		RebuildTransferFunctionScriptingTraits (0ms)
		AnalyzeDomain (108ms)
			TypeCache.Refresh (96ms)
				TypeCache.ScanAssembly (86ms)
			ScanForSourceGeneratedMonoScriptInfo (9ms)
			ResolveRequiredComponents (2ms)
	FinalizeReload (373ms)
		ReleaseScriptCaches (0ms)
		RebuildScriptCaches (0ms)
		SetupLoadedEditorAssemblies (276ms)
			LogAssemblyErrors (0ms)
			InitializePlatformSupportModulesInManaged (6ms)
			SetLoadedEditorAssemblies (3ms)
			RefreshPlugins (0ms)
			BeforeProcessingInitializeOnLoad (44ms)
			ProcessInitializeOnLoadAttributes (203ms)
			ProcessInitializeOnLoadMethodAttributes (15ms)
			AfterProcessingInitializeOnLoad (6ms)
			EditorAssembliesLoaded (0ms)
		ExecutionOrderSort2 (0ms)
		AwakeInstancesAfterBackupRestoration (5ms)
Launched and connected shader compiler UnityShaderCompiler.exe after 0.03 seconds
Refreshing native plugins compatible for Editor in 2.21 ms, found 3 plugins.
Preloading 0 native plugins for Editor in 0.00 ms.
Unloading 3082 Unused Serialized files (Serialized files now loaded: 0)
Unloading 32 unused Assets / (56.9 KB). Loaded Objects now: 3543.
Memory consumption went from 120.8 MB to 120.8 MB.
Total: 2.980700 ms (FindLiveObjects: 0.212800 ms CreateObjectMapping: 0.079400 ms MarkObjects: 2.608200 ms  DeleteObjects: 0.079600 ms)

AssetImportParameters requested are different than current active one (requested -> active):
  custom:container-demuxer-ogg: 62fdf1f143b41e24485cea50d1cbac27 -> 
  custom:video-decoder-ogg-theora: a1e56fd34408186e4bbccfd4996cb3dc -> 
  custom:framework-win-MediaFoundation: 216162199b28c13a410421893ffa2e32 -> 
  custom:CustomObjectIndexerAttribute: 756ad292c208cfabdd7b50bc23989ffe -> 
  custom:container-demuxer-webm: 4f35f7cbe854078d1ac9338744f61a02 -> 
  custom:container-muxer-webm: aa71ff27fc2769a1b78a27578f13a17b -> 
  custom:video-decoder-webm-vp8: 9c59270c3fd7afecdb556c50c9e8de78 -> 
  custom:SearchIndexIgnoredProperties: e643bd26f0fe6173181afceb89e7c659 -> 
  custom:AudioImporter_EditorPlatform: d09bf68614088b80899f8185d706f6e7 -> 
  custom:video-encoder-webm-vp8: eb34c28f22e8b96e1ab97ce403110664 -> 
  custom:audio-decoder-ogg-vorbis: bf7c407c2cedff20999df2af8eb42d56 -> 
  custom:audio-encoder-webm-vorbis: bf7c407c2cedff20999df2af8eb42d56 -> 
========================================================================
Received Import Request.
  Time since last request: 217685.078109 seconds.
  path: Assets/Scripts
  artifactKey: Guid(42504b2385e82b24db5c633cd4702568) Importer(815301076,1909f56bfc062723c751e8b465ee728b)
Start importing Assets/Scripts using Guid(42504b2385e82b24db5c633cd4702568) Importer(815301076,1909f56bfc062723c751e8b465ee728b)  -> (artifact id: '69fa11455673dafe3ce56b97653ac9a6') in 0.002053 seconds
Number of updated asset objects reloaded before import = 0
Number of asset objects unloaded after import = 0
========================================================================
Received Import Request.
  Time since last request: 6.168733 seconds.
  path: Assets/Sprites
  artifactKey: Guid(c15d07247aa96e446a1e374b7d126487) Importer(815301076,1909f56bfc062723c751e8b465ee728b)
Start importing Assets/Sprites using Guid(c15d07247aa96e446a1e374b7d126487) Importer(815301076,1909f56bfc062723c751e8b465ee728b)  -> (artifact id: '5e2a2c1cf34f4e9b185d5523c574cb60') in 0.000379 seconds
Number of updated asset objects reloaded before import = 0
Number of asset objects unloaded after import = 0
========================================================================
Received Import Request.
  Time since last request: 14.115600 seconds.
  path: Assets/Textures
  artifactKey: Guid(f2529fe314feed34db6a65d12ef68385) Importer(815301076,1909f56bfc062723c751e8b465ee728b)
Start importing Assets/Textures using Guid(f2529fe314feed34db6a65d12ef68385) Importer(815301076,1909f56bfc062723c751e8b465ee728b)  -> (artifact id: 'ab258331702687aa12020849f42214df') in 0.000385 seconds
Number of updated asset objects reloaded before import = 0
Number of asset objects unloaded after import = 0
========================================================================
Received Import Request.
  Time since last request: 12.111410 seconds.
  path: Assets/Materials
  artifactKey: Guid(833db64294afb7d459f879a26ece0767) Importer(815301076,1909f56bfc062723c751e8b465ee728b)
Start importing Assets/Materials using Guid(833db64294afb7d459f879a26ece0767) Importer(815301076,1909f56bfc062723c751e8b465ee728b)  -> (artifact id: '8838acbfe932d57bf69f80a75f64ef2d') in 0.000423 seconds
Number of updated asset objects reloaded before import = 0
Number of asset objects unloaded after import = 0
========================================================================
Received Import Request.
  Time since last request: 6.190088 seconds.
  path: Assets/Prefabs
  artifactKey: Guid(445201eaf4dd6744daea4b06549305a7) Importer(815301076,1909f56bfc062723c751e8b465ee728b)
Start importing Assets/Prefabs using Guid(445201eaf4dd6744daea4b06549305a7) Importer(815301076,1909f56bfc062723c751e8b465ee728b)  -> (artifact id: 'f6f9bed1d0e5aa5d05cdf712fa3d1bdd') in 0.000382 seconds
Number of updated asset objects reloaded before import = 0
Number of asset objects unloaded after import = 0
========================================================================
Received Import Request.
  Time since last request: 274.819602 seconds.
  path: Assets/Characters
  artifactKey: Guid(b70b4800120ee4947bc1f53aa5ddb0a7) Importer(815301076,1909f56bfc062723c751e8b465ee728b)
Start importing Assets/Characters using Guid(b70b4800120ee4947bc1f53aa5ddb0a7) Importer(815301076,1909f56bfc062723c751e8b465ee728b)  -> (artifact id: '48ffd80ae9f9fe89182c91d94c7af3bf') in 0.000461 seconds
Number of updated asset objects reloaded before import = 0
Number of asset objects unloaded after import = 0
========================================================================
Received Import Request.
  Time since last request: 17.809750 seconds.
  path: Assets/Enviroment
  artifactKey: Guid(bd32cbe83e321d048b59d490a753254c) Importer(815301076,1909f56bfc062723c751e8b465ee728b)
Start importing Assets/Enviroment using Guid(bd32cbe83e321d048b59d490a753254c) Importer(815301076,1909f56bfc062723c751e8b465ee728b)  -> (artifact id: 'e1cb1c6d2430a8c1863d25cb89422c7f') in 0.000409 seconds
Number of updated asset objects reloaded before import = 0
Number of asset objects unloaded after import = 0
========================================================================
Received Import Request.
  Time since last request: 62.743279 seconds.
  path: Assets/Fantasy_Free
  artifactKey: Guid(63834e2a926ba124689df326e6987bb5) Importer(815301076,1909f56bfc062723c751e8b465ee728b)
Start importing Assets/Fantasy_Free using Guid(63834e2a926ba124689df326e6987bb5) Importer(815301076,1909f56bfc062723c751e8b465ee728b)  -> (artifact id: '95bec918cc9e43a4a7542bcffbd40294') in 0.000383 seconds
Number of updated asset objects reloaded before import = 0
Number of asset objects unloaded after import = 0
========================================================================
Received Import Request.
  Time since last request: 16.247311 seconds.
  path: Assets/Materials/Material.mat
  artifactKey: Guid(14c9fd1ef92b17541a42ed0c06ff5409) Importer(815301076,1909f56bfc062723c751e8b465ee728b)
Start importing Assets/Materials/Material.mat using Guid(14c9fd1ef92b17541a42ed0c06ff5409) Importer(815301076,1909f56bfc062723c751e8b465ee728b)  -> (artifact id: 'ed800e1c070e87b8aeac0a5680c46ef1') in 0.232983 seconds
Number of updated asset objects reloaded before import = 0
Number of asset objects unloaded after import = 2
========================================================================
Received Import Request.
  Time since last request: 1.735932 seconds.
  path: Assets/Prefabs/bag_001.prefab
  artifactKey: Guid(1284494048af6064eac719c96e9e781a) Importer(815301076,1909f56bfc062723c751e8b465ee728b)
Start importing Assets/Prefabs/bag_001.prefab using Guid(1284494048af6064eac719c96e9e781a) Importer(815301076,1909f56bfc062723c751e8b465ee728b)  -> (artifact id: 'e9a636f183e36a1a9b9285efcb638c80') in 0.019851 seconds
Number of updated asset objects reloaded before import = 0
Number of asset objects unloaded after import = 17
========================================================================
Received Import Request.
  Time since last request: 0.000012 seconds.
  path: Assets/Prefabs/box_001.001.prefab
  artifactKey: Guid(5e79dfc4e2a7124419877fe812b1bb97) Importer(815301076,1909f56bfc062723c751e8b465ee728b)
Start importing Assets/Prefabs/box_001.001.prefab using Guid(5e79dfc4e2a7124419877fe812b1bb97) Importer(815301076,1909f56bfc062723c751e8b465ee728b)  -> (artifact id: '592c4450074f90e39e893cb4f93585d5') in 0.009947 seconds
Number of updated asset objects reloaded before import = 0
Number of asset objects unloaded after import = 17
========================================================================
Received Import Request.
  Time since last request: 0.000014 seconds.
  path: Assets/Prefabs/fir_001.prefab
  artifactKey: Guid(b17ded409954ff14785ffc6d2238ca32) Importer(815301076,1909f56bfc062723c751e8b465ee728b)
Start importing Assets/Prefabs/fir_001.prefab using Guid(b17ded409954ff14785ffc6d2238ca32) Importer(815301076,1909f56bfc062723c751e8b465ee728b)  -> (artifact id: '7a21c00bd31470135b7ff50913f99002') in 0.011552 seconds
Number of updated asset objects reloaded before import = 0
Number of asset objects unloaded after import = 17
========================================================================
Received Import Request.
  Time since last request: 0.000014 seconds.
  path: Assets/Prefabs/jug_001.prefab
  artifactKey: Guid(f0d98afcbc58f254ca211e946d2872e6) Importer(815301076,1909f56bfc062723c751e8b465ee728b)
Start importing Assets/Prefabs/jug_001.prefab using Guid(f0d98afcbc58f254ca211e946d2872e6) Importer(815301076,1909f56bfc062723c751e8b465ee728b)  -> (artifact id: '44eb77ca93d0b5e4f9c9de53f4935ec5') in 0.008843 seconds
Number of updated asset objects reloaded before import = 0
Number of asset objects unloaded after import = 17
========================================================================
Received Import Request.
  Time since last request: 0.000013 seconds.
  path: Assets/Prefabs/jug_004.prefab
  artifactKey: Guid(b3be9e6a21cf23248ab9e0b62e73d56e) Importer(815301076,1909f56bfc062723c751e8b465ee728b)
Start importing Assets/Prefabs/jug_004.prefab using Guid(b3be9e6a21cf23248ab9e0b62e73d56e) Importer(815301076,1909f56bfc062723c751e8b465ee728b)  -> (artifact id: '52fa06e772f6fabb9fc21c4a476be5ca') in 0.009860 seconds
Number of updated asset objects reloaded before import = 0
Number of asset objects unloaded after import = 17
========================================================================
Received Import Request.
  Time since last request: 0.000014 seconds.
  path: Assets/Prefabs/fabulous_mushroom_001.prefab
  artifactKey: Guid(538f158affb0df448a8b722276712356) Importer(815301076,1909f56bfc062723c751e8b465ee728b)
Start importing Assets/Prefabs/fabulous_mushroom_001.prefab using Guid(538f158affb0df448a8b722276712356) Importer(815301076,1909f56bfc062723c751e8b465ee728b)  -> (artifact id: 'c0129feefb8524ebc9ce6bdcccad353b') in 0.010346 seconds
Number of updated asset objects reloaded before import = 0
Number of asset objects unloaded after import = 17
========================================================================
Received Import Request.
  Time since last request: 0.000012 seconds.
  path: Assets/Prefabs/pointer_001.prefab
  artifactKey: Guid(370ae9c4633674d44af69d2b2e11dba5) Importer(815301076,1909f56bfc062723c751e8b465ee728b)
Start importing Assets/Prefabs/pointer_001.prefab using Guid(370ae9c4633674d44af69d2b2e11dba5) Importer(815301076,1909f56bfc062723c751e8b465ee728b)  -> (artifact id: 'a6b8749f9133116736c034082d3d2530') in 0.010079 seconds
Number of updated asset objects reloaded before import = 0
Number of asset objects unloaded after import = 17
========================================================================
Received Import Request.
  Time since last request: 0.000013 seconds.
  path: Assets/Prefabs/barrel_001.prefab
  artifactKey: Guid(aa0cd8ade73c84b479b82fd6eaaebe36) Importer(815301076,1909f56bfc062723c751e8b465ee728b)
Start importing Assets/Prefabs/barrel_001.prefab using Guid(aa0cd8ade73c84b479b82fd6eaaebe36) Importer(815301076,1909f56bfc062723c751e8b465ee728b)  -> (artifact id: '53574c6378dd4e8d84cc0e39203afb27') in 0.008987 seconds
Number of updated asset objects reloaded before import = 0
Number of asset objects unloaded after import = 17
========================================================================
Received Import Request.
  Time since last request: 0.000014 seconds.
  path: Assets/Prefabs/plate_001.prefab
  artifactKey: Guid(9937b11e016730f4e8313e395020a1e4) Importer(815301076,1909f56bfc062723c751e8b465ee728b)
Start importing Assets/Prefabs/plate_001.prefab using Guid(9937b11e016730f4e8313e395020a1e4) Importer(815301076,1909f56bfc062723c751e8b465ee728b)  -> (artifact id: '475b9db2597f93aefd7027008ed0640f') in 0.009245 seconds
Number of updated asset objects reloaded before import = 0
Number of asset objects unloaded after import = 17
========================================================================
Received Import Request.
  Time since last request: 0.000011 seconds.
  path: Assets/Prefabs/bag_003.prefab
  artifactKey: Guid(e150349ee58d95e43bb8611a51c98f74) Importer(815301076,1909f56bfc062723c751e8b465ee728b)
Start importing Assets/Prefabs/bag_003.prefab using Guid(e150349ee58d95e43bb8611a51c98f74) Importer(815301076,1909f56bfc062723c751e8b465ee728b)  -> (artifact id: 'fadb811de14df0813f2a9c700e2aa804') in 0.009111 seconds
Number of updated asset objects reloaded before import = 0
Number of asset objects unloaded after import = 17
========================================================================
Received Import Request.
  Time since last request: 0.000017 seconds.
  path: Assets/Prefabs/fabulous_tree_001.prefab
  artifactKey: Guid(92197e3ff2cd62844bfca02082d1bd33) Importer(815301076,1909f56bfc062723c751e8b465ee728b)
Start importing Assets/Prefabs/fabulous_tree_001.prefab using Guid(92197e3ff2cd62844bfca02082d1bd33) Importer(815301076,1909f56bfc062723c751e8b465ee728b)  -> (artifact id: '7191f5534944bddf1d8c6852ef7e1d7c') in 0.009649 seconds
Number of updated asset objects reloaded before import = 0
Number of asset objects unloaded after import = 17
========================================================================
Received Import Request.
  Time since last request: 0.000021 seconds.
  path: Assets/Prefabs/house_003.prefab
  artifactKey: Guid(b532d1daf8067554d994cffdbd4e8e95) Importer(815301076,1909f56bfc062723c751e8b465ee728b)
Start importing Assets/Prefabs/house_003.prefab using Guid(b532d1daf8067554d994cffdbd4e8e95) Importer(815301076,1909f56bfc062723c751e8b465ee728b)  -> (artifact id: '44e2993cbc0a5411bbfa2595811ab498') in 0.009177 seconds
Number of updated asset objects reloaded before import = 0
Number of asset objects unloaded after import = 17
========================================================================
Received Import Request.
  Time since last request: 0.000013 seconds.
  path: Assets/Prefabs/fabulous_mushroom_003.prefab
  artifactKey: Guid(1ae4e52761ed77e41a9de378166dba11) Importer(815301076,1909f56bfc062723c751e8b465ee728b)
Start importing Assets/Prefabs/fabulous_mushroom_003.prefab using Guid(1ae4e52761ed77e41a9de378166dba11) Importer(815301076,1909f56bfc062723c751e8b465ee728b)  -> (artifact id: 'a2fa1f10decaef7d495ceed21732f91d') in 0.008976 seconds
Number of updated asset objects reloaded before import = 0
Number of asset objects unloaded after import = 17
========================================================================
Received Import Request.
  Time since last request: 0.000011 seconds.
  path: Assets/Prefabs/bucket_001.prefab
  artifactKey: Guid(88e0049f04b0ff74abfb27a1f3c1fdbb) Importer(815301076,1909f56bfc062723c751e8b465ee728b)
Start importing Assets/Prefabs/bucket_001.prefab using Guid(88e0049f04b0ff74abfb27a1f3c1fdbb) Importer(815301076,1909f56bfc062723c751e8b465ee728b)  -> (artifact id: 'fa1ff0afa0a60f4e7e00b9cc0865462b') in 0.009706 seconds
Number of updated asset objects reloaded before import = 0
Number of asset objects unloaded after import = 17
========================================================================
Received Import Request.
  Time since last request: 0.000011 seconds.
  path: Assets/Prefabs/crane_001.prefab
  artifactKey: Guid(d86b48732c39c484c8dbf5234e805ac7) Importer(815301076,1909f56bfc062723c751e8b465ee728b)
Start importing Assets/Prefabs/crane_001.prefab using Guid(d86b48732c39c484c8dbf5234e805ac7) Importer(815301076,1909f56bfc062723c751e8b465ee728b)  -> (artifact id: 'a953e2644e913f49a73ef785529f7359') in 0.027834 seconds
Number of updated asset objects reloaded before import = 0
Number of asset objects unloaded after import = 68
========================================================================
Received Import Request.
  Time since last request: 0.000012 seconds.
  path: Assets/Prefabs/box_002.prefab
  artifactKey: Guid(685311df3819b1d479b8075963fa253f) Importer(815301076,1909f56bfc062723c751e8b465ee728b)
Start importing Assets/Prefabs/box_002.prefab using Guid(685311df3819b1d479b8075963fa253f) Importer(815301076,1909f56bfc062723c751e8b465ee728b)  -> (artifact id: '93ac8cece32df5c07fc8497bc1760881') in 0.009474 seconds
Number of updated asset objects reloaded before import = 0
Number of asset objects unloaded after import = 17
========================================================================
Received Import Request.
  Time since last request: 0.000012 seconds.
  path: Assets/Prefabs/fabulous_mushroom_002.prefab
  artifactKey: Guid(a0216f6abe621034ca17954a9b7a9bd0) Importer(815301076,1909f56bfc062723c751e8b465ee728b)
Start importing Assets/Prefabs/fabulous_mushroom_002.prefab using Guid(a0216f6abe621034ca17954a9b7a9bd0) Importer(815301076,1909f56bfc062723c751e8b465ee728b)  -> (artifact id: '172cc5ce25541576ed9a39b18773f3a6') in 0.009739 seconds
Number of updated asset objects reloaded before import = 0
Number of asset objects unloaded after import = 17
========================================================================
Received Import Request.
  Time since last request: 0.000014 seconds.
  path: Assets/Prefabs/box_003.prefab
  artifactKey: Guid(8587e00a48df2084ea9a83baabbf5599) Importer(815301076,1909f56bfc062723c751e8b465ee728b)
Start importing Assets/Prefabs/box_003.prefab using Guid(8587e00a48df2084ea9a83baabbf5599) Importer(815301076,1909f56bfc062723c751e8b465ee728b)  -> (artifact id: '2a5dd40a428b621c62c3bc425e2335fe') in 0.010437 seconds
Number of updated asset objects reloaded before import = 0
Number of asset objects unloaded after import = 17
========================================================================
Received Import Request.
  Time since last request: 0.000013 seconds.
  path: Assets/Prefabs/jug_005.prefab
  artifactKey: Guid(57189de443db1ea4c915621f039aa50c) Importer(815301076,1909f56bfc062723c751e8b465ee728b)
Start importing Assets/Prefabs/jug_005.prefab using Guid(57189de443db1ea4c915621f039aa50c) Importer(815301076,1909f56bfc062723c751e8b465ee728b)  -> (artifact id: '90fb5173389cfc0165d7891336d46000') in 0.007934 seconds
Number of updated asset objects reloaded before import = 0
Number of asset objects unloaded after import = 17
========================================================================
Received Import Request.
  Time since last request: 0.000013 seconds.
  path: Assets/Prefabs/plate_002.prefab
  artifactKey: Guid(4d908e4753fc8064fb59d422a4c3f172) Importer(815301076,1909f56bfc062723c751e8b465ee728b)
Start importing Assets/Prefabs/plate_002.prefab using Guid(4d908e4753fc8064fb59d422a4c3f172) Importer(815301076,1909f56bfc062723c751e8b465ee728b)  -> (artifact id: 'b00e739293b671e2185593b96e525ba1') in 0.010248 seconds
Number of updated asset objects reloaded before import = 0
Number of asset objects unloaded after import = 17
========================================================================
Received Import Request.
  Time since last request: 0.000014 seconds.
  path: Assets/Prefabs/bag_004.prefab
  artifactKey: Guid(25d51e14d95ed7d4c9f6d86187739f63) Importer(815301076,1909f56bfc062723c751e8b465ee728b)
Start importing Assets/Prefabs/bag_004.prefab using Guid(25d51e14d95ed7d4c9f6d86187739f63) Importer(815301076,1909f56bfc062723c751e8b465ee728b)  -> (artifact id: '865b046cd21f14f022d44c731599f2ad') in 0.011137 seconds
Number of updated asset objects reloaded before import = 0
Number of asset objects unloaded after import = 17
========================================================================
Received Import Request.
  Time since last request: 0.000013 seconds.
  path: Assets/Prefabs/house_002.prefab
  artifactKey: Guid(36861f6e444a745418f54787d0e9fb63) Importer(815301076,1909f56bfc062723c751e8b465ee728b)
Start importing Assets/Prefabs/house_002.prefab using Guid(36861f6e444a745418f54787d0e9fb63) Importer(815301076,1909f56bfc062723c751e8b465ee728b)  -> (artifact id: '01679549a1e6beca76d2a07e70b0149a') in 0.011886 seconds
Number of updated asset objects reloaded before import = 0
Number of asset objects unloaded after import = 17
========================================================================
Received Import Request.
  Time since last request: 0.000016 seconds.
  path: Assets/Prefabs/cart_001.prefab
  artifactKey: Guid(2a94b9debc75c6742a43af2f0bcacd0a) Importer(815301076,1909f56bfc062723c751e8b465ee728b)
Start importing Assets/Prefabs/cart_001.prefab using Guid(2a94b9debc75c6742a43af2f0bcacd0a) Importer(815301076,1909f56bfc062723c751e8b465ee728b)  -> (artifact id: 'f912ee80efafdc1df1b0ea36906368ca') in 0.009782 seconds
Number of updated asset objects reloaded before import = 0
Number of asset objects unloaded after import = 17
========================================================================
Received Import Request.
  Time since last request: 0.000015 seconds.
  path: Assets/Prefabs/log_002.prefab
  artifactKey: Guid(987fc8d49400dfe4794097c043f5eb7c) Importer(815301076,1909f56bfc062723c751e8b465ee728b)
Start importing Assets/Prefabs/log_002.prefab using Guid(987fc8d49400dfe4794097c043f5eb7c) Importer(815301076,1909f56bfc062723c751e8b465ee728b)  -> (artifact id: 'b59cbc17210b9f425066610be2a759f8') in 0.009221 seconds
Number of updated asset objects reloaded before import = 0
Number of asset objects unloaded after import = 17
========================================================================
Received Import Request.
  Time since last request: 0.000012 seconds.
  path: Assets/Prefabs/stall_table_001.prefab
  artifactKey: Guid(07743e45b78754c40811c663de41b6ff) Importer(815301076,1909f56bfc062723c751e8b465ee728b)
Start importing Assets/Prefabs/stall_table_001.prefab using Guid(07743e45b78754c40811c663de41b6ff) Importer(815301076,1909f56bfc062723c751e8b465ee728b)  -> (artifact id: '1cdc3fa8d32e0deaca6446c61d013efc') in 0.008778 seconds
Number of updated asset objects reloaded before import = 0
Number of asset objects unloaded after import = 17
========================================================================
Received Import Request.
  Time since last request: 0.000013 seconds.
  path: Assets/Prefabs/tree_001.prefab
  artifactKey: Guid(0ca4fd70ce1b7734c86775d830caefbe) Importer(815301076,1909f56bfc062723c751e8b465ee728b)
Start importing Assets/Prefabs/tree_001.prefab using Guid(0ca4fd70ce1b7734c86775d830caefbe) Importer(815301076,1909f56bfc062723c751e8b465ee728b)  -> (artifact id: '54f568aaa32aa98b29b2b7d3bd7e0593') in 0.009791 seconds
Number of updated asset objects reloaded before import = 0
Number of asset objects unloaded after import = 17
========================================================================
Received Import Request.
  Time since last request: 0.000011 seconds.
  path: Assets/Prefabs/cactus_001.prefab
  artifactKey: Guid(9e4b4e46deb9a5846aa0b6f1d5af3bc8) Importer(815301076,1909f56bfc062723c751e8b465ee728b)
Start importing Assets/Prefabs/cactus_001.prefab using Guid(9e4b4e46deb9a5846aa0b6f1d5af3bc8) Importer(815301076,1909f56bfc062723c751e8b465ee728b)  -> (artifact id: 'a6b394167be7f3c5bfdb2743d7534acf') in 0.010608 seconds
Number of updated asset objects reloaded before import = 0
Number of asset objects unloaded after import = 17
========================================================================
Received Import Request.
  Time since last request: 0.000013 seconds.
  path: Assets/Prefabs/holder_001.prefab
  artifactKey: Guid(e699ee6291176114ea0ede8da7e9ce24) Importer(815301076,1909f56bfc062723c751e8b465ee728b)
Start importing Assets/Prefabs/holder_001.prefab using Guid(e699ee6291176114ea0ede8da7e9ce24) Importer(815301076,1909f56bfc062723c751e8b465ee728b)  -> (artifact id: 'f249b09b15bccbd8c3a5b0b375a17e9f') in 0.010033 seconds
Number of updated asset objects reloaded before import = 0
Number of asset objects unloaded after import = 17
========================================================================
Received Import Request.
  Time since last request: 0.000015 seconds.
  path: Assets/Prefabs/plate_003.prefab
  artifactKey: Guid(336352aada8cb7b45b72fe474907e5f9) Importer(815301076,1909f56bfc062723c751e8b465ee728b)
Start importing Assets/Prefabs/plate_003.prefab using Guid(336352aada8cb7b45b72fe474907e5f9) Importer(815301076,1909f56bfc062723c751e8b465ee728b)  -> (artifact id: 'f2fecb272a4c540113139cf58e2f7b6c') in 0.010689 seconds
Number of updated asset objects reloaded before import = 0
Number of asset objects unloaded after import = 17
========================================================================
Received Import Request.
  Time since last request: 0.000013 seconds.
  path: Assets/Prefabs/jug_003.prefab
  artifactKey: Guid(8b6f2c8a356bc8544b9975ae848ad3b0) Importer(815301076,1909f56bfc062723c751e8b465ee728b)
Start importing Assets/Prefabs/jug_003.prefab using Guid(8b6f2c8a356bc8544b9975ae848ad3b0) Importer(815301076,1909f56bfc062723c751e8b465ee728b)  -> (artifact id: '69b8dccb04782af903901309bd3f34b8') in 0.010144 seconds
Number of updated asset objects reloaded before import = 0
Number of asset objects unloaded after import = 17
========================================================================
Received Import Request.
  Time since last request: 0.000013 seconds.
  path: Assets/Prefabs/box_001.prefab
  artifactKey: Guid(e69ec790c0cf5be4592ddfef0d155762) Importer(815301076,1909f56bfc062723c751e8b465ee728b)
Start importing Assets/Prefabs/box_001.prefab using Guid(e69ec790c0cf5be4592ddfef0d155762) Importer(815301076,1909f56bfc062723c751e8b465ee728b)  -> (artifact id: '63da67e647906bc90a74d95b11fc816f') in 0.010939 seconds
Number of updated asset objects reloaded before import = 0
Number of asset objects unloaded after import = 17
Editor requested this worker to shutdown with reason: Scaling down because of idle timeout
TcpMessagingSession - receive error: operation aborted. errorcode: 995, details: The I/O operation has been aborted because of either a thread exit or an application request.
AssetImportWorker is now disconnected from the server
Process exiting
Exiting without the bug reporter. Application will terminate with return code 0