Using pre-set license
Built from '2022.3/staging' branch; Version is '2022.3.11f1 (d00248457e15) revision 13632072'; Using compiler version '192829333'; Build Type 'Release'
OS: 'Windows 10  (10.0.19045) 64bit Professional' Language: 'en' Physical Memory: 32649 MB
BatchMode: 1, IsHumanControllingUs: 0, StartBugReporterOnCrash: 0, Is64bit: 1, IsPro: 1

COMMAND LINE ARGUMENTS:
C:\Program Files\Unity\Hub\Editor\2022.3.11f1\Editor\Unity.exe
-adb2
-batchMode
-noUpm
-name
AssetImportWorker6
-projectPath
C:/Users/Mimo/Documents/Projekty/-Unity-3D-Shooter---AS_23/Shooter 3d
-logFile
Logs/AssetImportWorker6.log
-srvPort
56008
Successfully changed project path to: C:/Users/Mimo/Documents/Projekty/-Unity-3D-Shooter---AS_23/Shooter 3d
C:/Users/Mimo/Documents/Projekty/-Unity-3D-Shooter---AS_23/Shooter 3d
[UnityMemory] Configuration Parameters - Can be set up in boot.config
    "memorysetup-bucket-allocator-granularity=16"
    "memorysetup-bucket-allocator-bucket-count=8"
    "memorysetup-bucket-allocator-block-size=33554432"
    "memorysetup-bucket-allocator-block-count=8"
    "memorysetup-main-allocator-block-size=16777216"
    "memorysetup-thread-allocator-block-size=16777216"
    "memorysetup-gfx-main-allocator-block-size=16777216"
    "memorysetup-gfx-thread-allocator-block-size=16777216"
    "memorysetup-cache-allocator-block-size=4194304"
    "memorysetup-typetree-allocator-block-size=2097152"
    "memorysetup-profiler-bucket-allocator-granularity=16"
    "memorysetup-profiler-bucket-allocator-bucket-count=8"
    "memorysetup-profiler-bucket-allocator-block-size=33554432"
    "memorysetup-profiler-bucket-allocator-block-count=8"
    "memorysetup-profiler-allocator-block-size=16777216"
    "memorysetup-profiler-editor-allocator-block-size=1048576"
    "memorysetup-temp-allocator-size-main=16777216"
    "memorysetup-job-temp-allocator-block-size=2097152"
    "memorysetup-job-temp-allocator-block-size-background=1048576"
    "memorysetup-job-temp-allocator-reduction-small-platforms=262144"
    "memorysetup-allocator-temp-initial-block-size-main=262144"
    "memorysetup-allocator-temp-initial-block-size-worker=262144"
    "memorysetup-temp-allocator-size-background-worker=32768"
    "memorysetup-temp-allocator-size-job-worker=262144"
    "memorysetup-temp-allocator-size-preload-manager=33554432"
    "memorysetup-temp-allocator-size-nav-mesh-worker=65536"
    "memorysetup-temp-allocator-size-audio-worker=65536"
    "memorysetup-temp-allocator-size-cloud-worker=32768"
    "memorysetup-temp-allocator-size-gi-baking-worker=262144"
    "memorysetup-temp-allocator-size-gfx=262144"
Player connection [29004] Host "[IP] 192.168.0.45 [Port] 0 [Flags] 2 [Guid] 98106242 [EditorId] 98106242 [Version] 1048832 [Id] WindowsEditor(7,DESKTOP-N9L2QB2) [Debug] 1 [PackageName] WindowsEditor [ProjectName] Editor" joined multi-casting on [225.0.0.222:54997]...

Player connection [29004] Host "[IP] 192.168.0.45 [Port] 0 [Flags] 2 [Guid] 98106242 [EditorId] 98106242 [Version] 1048832 [Id] WindowsEditor(7,DESKTOP-N9L2QB2) [Debug] 1 [PackageName] WindowsEditor [ProjectName] Editor" joined alternative multi-casting on [225.0.0.222:34997]...

[Physics::Module] Initialized MultithreadedJobDispatcher with 15 workers.
Refreshing native plugins compatible for Editor in 7.40 ms, found 3 plugins.
Preloading 0 native plugins for Editor in 0.00 ms.
Initialize engine version: 2022.3.11f1 (d00248457e15)
[Subsystems] Discovering subsystems at path C:/Program Files/Unity/Hub/Editor/2022.3.11f1/Editor/Data/Resources/UnitySubsystems
[Subsystems] Discovering subsystems at path C:/Users/Mimo/Documents/Projekty/-Unity-3D-Shooter---AS_23/Shooter 3d/Assets
GfxDevice: creating device client; threaded=0; jobified=0
Direct3D:
    Version:  Direct3D 11.0 [level 11.1]
    Renderer: NVIDIA GeForce RTX 3060 (ID=0x2487)
    Vendor:   NVIDIA
    VRAM:     12124 MB
    Driver:   31.0.15.3623
Initialize mono
Mono path[0] = 'C:/Program Files/Unity/Hub/Editor/2022.3.11f1/Editor/Data/Managed'
Mono path[1] = 'C:/Program Files/Unity/Hub/Editor/2022.3.11f1/Editor/Data/MonoBleedingEdge/lib/mono/unityjit-win32'
Mono config path = 'C:/Program Files/Unity/Hub/Editor/2022.3.11f1/Editor/Data/MonoBleedingEdge/etc'
Using monoOptions --debugger-agent=transport=dt_socket,embedding=1,server=y,suspend=n,address=127.0.0.1:56836
Begin MonoManager ReloadAssembly
Registering precompiled unity dll's ...
Register platform support module: C:/Program Files/Unity/Hub/Editor/2022.3.11f1/Editor/Data/PlaybackEngines/WebGLSupport/UnityEditor.WebGL.Extensions.dll
Register platform support module: C:/Program Files/Unity/Hub/Editor/2022.3.11f1/Editor/Data/PlaybackEngines/WindowsStandaloneSupport/UnityEditor.WindowsStandalone.Extensions.dll
Registered in 0.007843 seconds.
- Loaded All Assemblies, in  0.242 seconds
Native extension for WindowsStandalone target not found
Native extension for WebGL target not found
Mono: successfully reloaded assembly
- Finished resetting the current domain, in  0.176 seconds
Domain Reload Profiling: 417ms
	BeginReloadAssembly (75ms)
		ExecutionOrderSort (0ms)
		DisableScriptedObjects (0ms)
		BackupInstance (0ms)
		ReleaseScriptingObjects (0ms)
		CreateAndSetChildDomain (0ms)
	RebuildCommonClasses (23ms)
	RebuildNativeTypeToScriptingClass (7ms)
	initialDomainReloadingComplete (44ms)
	LoadAllAssembliesAndSetupDomain (91ms)
		LoadAssemblies (74ms)
		RebuildTransferFunctionScriptingTraits (0ms)
		AnalyzeDomain (89ms)
			TypeCache.Refresh (88ms)
				TypeCache.ScanAssembly (79ms)
			ScanForSourceGeneratedMonoScriptInfo (0ms)
			ResolveRequiredComponents (0ms)
	FinalizeReload (177ms)
		ReleaseScriptCaches (0ms)
		RebuildScriptCaches (0ms)
		SetupLoadedEditorAssemblies (136ms)
			LogAssemblyErrors (0ms)
			InitializePlatformSupportModulesInManaged (8ms)
			SetLoadedEditorAssemblies (4ms)
			RefreshPlugins (0ms)
			BeforeProcessingInitializeOnLoad (1ms)
			ProcessInitializeOnLoadAttributes (92ms)
			ProcessInitializeOnLoadMethodAttributes (32ms)
			AfterProcessingInitializeOnLoad (0ms)
			EditorAssembliesLoaded (0ms)
		ExecutionOrderSort2 (0ms)
		AwakeInstancesAfterBackupRestoration (0ms)
========================================================================
Worker process is ready to serve import requests
Begin MonoManager ReloadAssembly
- Loaded All Assemblies, in  0.423 seconds
Refreshing native plugins compatible for Editor in 2.35 ms, found 3 plugins.
Native extension for WindowsStandalone target not found
Native extension for WebGL target not found
Package Manager log level set to [2]
[Package Manager] Server::EnsureServerProcessIsRunning -- launch failed, reason: Unity was launched with the -noUpm command-line argument
[Package Manager] UpmClient::Send -- Unable to send message (not connected to UPM process).
[Package Manager] Cannot connect to Unity Package Manager local server
Mono: successfully reloaded assembly
- Finished resetting the current domain, in  0.385 seconds
Domain Reload Profiling: 806ms
	BeginReloadAssembly (107ms)
		ExecutionOrderSort (0ms)
		DisableScriptedObjects (4ms)
		BackupInstance (0ms)
		ReleaseScriptingObjects (0ms)
		CreateAndSetChildDomain (17ms)
	RebuildCommonClasses (22ms)
	RebuildNativeTypeToScriptingClass (7ms)
	initialDomainReloadingComplete (30ms)
	LoadAllAssembliesAndSetupDomain (255ms)
		LoadAssemblies (202ms)
		RebuildTransferFunctionScriptingTraits (0ms)
		AnalyzeDomain (114ms)
			TypeCache.Refresh (100ms)
				TypeCache.ScanAssembly (90ms)
			ScanForSourceGeneratedMonoScriptInfo (9ms)
			ResolveRequiredComponents (3ms)
	FinalizeReload (385ms)
		ReleaseScriptCaches (0ms)
		RebuildScriptCaches (0ms)
		SetupLoadedEditorAssemblies (283ms)
			LogAssemblyErrors (0ms)
			InitializePlatformSupportModulesInManaged (6ms)
			SetLoadedEditorAssemblies (3ms)
			RefreshPlugins (0ms)
			BeforeProcessingInitializeOnLoad (45ms)
			ProcessInitializeOnLoadAttributes (207ms)
			ProcessInitializeOnLoadMethodAttributes (15ms)
			AfterProcessingInitializeOnLoad (6ms)
			EditorAssembliesLoaded (0ms)
		ExecutionOrderSort2 (0ms)
		AwakeInstancesAfterBackupRestoration (4ms)
Launched and connected shader compiler UnityShaderCompiler.exe after 0.03 seconds
Refreshing native plugins compatible for Editor in 3.77 ms, found 3 plugins.
Preloading 0 native plugins for Editor in 0.00 ms.
Unloading 3087 Unused Serialized files (Serialized files now loaded: 0)
Unloading 32 unused Assets / (57.1 KB). Loaded Objects now: 3551.
Memory consumption went from 124.0 MB to 123.9 MB.
Total: 2.395700 ms (FindLiveObjects: 0.193300 ms CreateObjectMapping: 0.107800 ms MarkObjects: 2.012400 ms  DeleteObjects: 0.081600 ms)

AssetImportParameters requested are different than current active one (requested -> active):
  custom:container-demuxer-ogg: 62fdf1f143b41e24485cea50d1cbac27 -> 
  custom:video-decoder-ogg-theora: a1e56fd34408186e4bbccfd4996cb3dc -> 
  custom:framework-win-MediaFoundation: 216162199b28c13a410421893ffa2e32 -> 
  custom:CustomObjectIndexerAttribute: 756ad292c208cfabdd7b50bc23989ffe -> 
  custom:container-demuxer-webm: 4f35f7cbe854078d1ac9338744f61a02 -> 
  custom:container-muxer-webm: aa71ff27fc2769a1b78a27578f13a17b -> 
  custom:video-decoder-webm-vp8: 9c59270c3fd7afecdb556c50c9e8de78 -> 
  custom:SearchIndexIgnoredProperties: e643bd26f0fe6173181afceb89e7c659 -> 
  custom:AudioImporter_EditorPlatform: d09bf68614088b80899f8185d706f6e7 -> 
  custom:video-encoder-webm-vp8: eb34c28f22e8b96e1ab97ce403110664 -> 
  custom:audio-decoder-ogg-vorbis: bf7c407c2cedff20999df2af8eb42d56 -> 
  custom:audio-encoder-webm-vorbis: bf7c407c2cedff20999df2af8eb42d56 -> 
========================================================================
Received Import Request.
  Time since last request: 218753.118738 seconds.
  path: Assets/Animations/Gecko_Animations.fbx
  artifactKey: Guid(fb72e4aa9961d99409ba17815d02cc88) Importer(815301076,1909f56bfc062723c751e8b465ee728b)
Start importing Assets/Animations/Gecko_Animations.fbx using Guid(fb72e4aa9961d99409ba17815d02cc88) Importer(815301076,1909f56bfc062723c751e8b465ee728b)  -> (artifact id: 'ccc41cabe736c4b3734552fbad707fae') in 0.221138 seconds
Number of updated asset objects reloaded before import = 0
Number of asset objects unloaded after import = 48
========================================================================
Received Import Request.
  Time since last request: 33.615036 seconds.
  path: Assets/RPG Monster DUO PBR Polyart/Materials/Stage.mat
  artifactKey: Guid(abaea1a47e73483590f52e512a9adda3) Importer(815301076,1909f56bfc062723c751e8b465ee728b)
Start importing Assets/RPG Monster DUO PBR Polyart/Materials/Stage.mat using Guid(abaea1a47e73483590f52e512a9adda3) Importer(815301076,1909f56bfc062723c751e8b465ee728b)  -> (artifact id: 'd2c4775a82bdb3a0299c3cc4911a5cb5') in 0.009078 seconds
Number of updated asset objects reloaded before import = 0
Number of asset objects unloaded after import = 1
========================================================================
Received Import Request.
  Time since last request: 5.193661 seconds.
  path: Assets/Materials/grass1.png
  artifactKey: Guid(d261b31106421ec429c4b730d13665ca) Importer(815301076,1909f56bfc062723c751e8b465ee728b)
Start importing Assets/Materials/grass1.png using Guid(d261b31106421ec429c4b730d13665ca) Importer(815301076,1909f56bfc062723c751e8b465ee728b)  -> (artifact id: '8a7448808fc845a872fb925aed55c289') in 0.038103 seconds
Number of updated asset objects reloaded before import = 0
Number of asset objects unloaded after import = 2
========================================================================
Received Import Request.
  Time since last request: 0.000073 seconds.
  path: Assets/Materials/M_Pudu.mat
  artifactKey: Guid(efb81d917c9bfa34f98e2e93ae65b97d) Importer(815301076,1909f56bfc062723c751e8b465ee728b)
Start importing Assets/Materials/M_Pudu.mat using Guid(efb81d917c9bfa34f98e2e93ae65b97d) Importer(815301076,1909f56bfc062723c751e8b465ee728b)  -> (artifact id: '55ebb89b0db1bafa555544368eab94f6') in 0.091790 seconds
Number of updated asset objects reloaded before import = 0
Number of asset objects unloaded after import = 2
========================================================================
Received Import Request.
  Time since last request: 0.000014 seconds.
  path: Assets/Materials/plitka.mat
  artifactKey: Guid(c7e151c6881c0c048a941206cc5c8c90) Importer(815301076,1909f56bfc062723c751e8b465ee728b)
Start importing Assets/Materials/plitka.mat using Guid(c7e151c6881c0c048a941206cc5c8c90) Importer(815301076,1909f56bfc062723c751e8b465ee728b)  -> (artifact id: '7243eb78bc831bb4e1779d18c25287db') in 0.011670 seconds
Number of updated asset objects reloaded before import = 0
Number of asset objects unloaded after import = 2
========================================================================
Received Import Request.
  Time since last request: 0.000014 seconds.
  path: Assets/Materials/PolyartDefault.mat
  artifactKey: Guid(f5f7d4d2b3764ec4aa59441ec6c2697b) Importer(815301076,1909f56bfc062723c751e8b465ee728b)
Start importing Assets/Materials/PolyartDefault.mat using Guid(f5f7d4d2b3764ec4aa59441ec6c2697b) Importer(815301076,1909f56bfc062723c751e8b465ee728b)  -> (artifact id: 'fb376c367e6d2f28737b96cdf6e6ee95') in 0.011081 seconds
Number of updated asset objects reloaded before import = 0
Number of asset objects unloaded after import = 3
========================================================================
Received Import Request.
  Time since last request: 0.000011 seconds.
  path: Assets/Materials/M_Gecko.mat
  artifactKey: Guid(f65b2b5a402c648438fcffd294eb2dbe) Importer(815301076,1909f56bfc062723c751e8b465ee728b)
Start importing Assets/Materials/M_Gecko.mat using Guid(f65b2b5a402c648438fcffd294eb2dbe) Importer(815301076,1909f56bfc062723c751e8b465ee728b)  -> (artifact id: 'f12466a615e1b979e231e2f07025ca70') in 0.008433 seconds
Number of updated asset objects reloaded before import = 0
Number of asset objects unloaded after import = 2
========================================================================
Received Import Request.
  Time since last request: 0.000012 seconds.
  path: Assets/Materials/M_Squid.mat
  artifactKey: Guid(b7e0d0f0399a38b4683601664afd46f5) Importer(815301076,1909f56bfc062723c751e8b465ee728b)
Start importing Assets/Materials/M_Squid.mat using Guid(b7e0d0f0399a38b4683601664afd46f5) Importer(815301076,1909f56bfc062723c751e8b465ee728b)  -> (artifact id: '3d9a3ba17503571c4eed8b9818eaefd6') in 0.009243 seconds
Number of updated asset objects reloaded before import = 0
Number of asset objects unloaded after import = 2
========================================================================
Received Import Request.
  Time since last request: 0.000014 seconds.
  path: Assets/Materials/M_Colobus.mat
  artifactKey: Guid(fd1c8abba3cacb847a1c1796d0d8257d) Importer(815301076,1909f56bfc062723c751e8b465ee728b)
Start importing Assets/Materials/M_Colobus.mat using Guid(fd1c8abba3cacb847a1c1796d0d8257d) Importer(815301076,1909f56bfc062723c751e8b465ee728b)  -> (artifact id: 'dbbc925bc320decf078213ddf4eba23a') in 0.009482 seconds
Number of updated asset objects reloaded before import = 0
Number of asset objects unloaded after import = 2
========================================================================
Received Import Request.
  Time since last request: 0.000018 seconds.
  path: Assets/Materials/Plitka_blue.png
  artifactKey: Guid(340123fd29b20fe4baedea58948760b1) Importer(815301076,1909f56bfc062723c751e8b465ee728b)
Start importing Assets/Materials/Plitka_blue.png using Guid(340123fd29b20fe4baedea58948760b1) Importer(815301076,1909f56bfc062723c751e8b465ee728b)  -> (artifact id: 'b8a269daefd5d72bd9d5f3bc580ba08d') in 0.014184 seconds
Number of updated asset objects reloaded before import = 0
Number of asset objects unloaded after import = 2
========================================================================
Received Import Request.
  Time since last request: 35.536059 seconds.
  path: Assets/RPG Monster DUO PBR Polyart/Scenes/PBR/LightingData.asset
  artifactKey: Guid(d83c3b9a7459400eb461eb9c8da35621) Importer(815301076,1909f56bfc062723c751e8b465ee728b)
Start importing Assets/RPG Monster DUO PBR Polyart/Scenes/PBR/LightingData.asset using Guid(d83c3b9a7459400eb461eb9c8da35621) Importer(815301076,1909f56bfc062723c751e8b465ee728b)  -> (artifact id: '7a124c7b649124ab8c7f0b32d1fc6ab7') in 0.001065 seconds
Number of updated asset objects reloaded before import = 0
Number of asset objects unloaded after import = 2
========================================================================
Received Import Request.
  Time since last request: 0.001468 seconds.
  path: Assets/RPG Monster DUO PBR Polyart/Scenes/PBR/ReflectionProbe-0.exr
  artifactKey: Guid(b99d76b14cb6491aa1714c4286db931b) Importer(815301076,1909f56bfc062723c751e8b465ee728b)
Start importing Assets/RPG Monster DUO PBR Polyart/Scenes/PBR/ReflectionProbe-0.exr using Guid(b99d76b14cb6491aa1714c4286db931b) Importer(815301076,1909f56bfc062723c751e8b465ee728b)  -> (artifact id: 'adf2dd807fba1ce10a9980a2636284ce') in 0.016630 seconds
Number of updated asset objects reloaded before import = 0
Number of asset objects unloaded after import = 1
========================================================================
Received Import Request.
  Time since last request: 54.196000 seconds.
  path: Assets/RPGMonsterPartnersPBRPolyart/Textures/Metallic-Smoothness.png
  artifactKey: Guid(04ae779ca2d5494d85298d1ab0914d81) Importer(815301076,1909f56bfc062723c751e8b465ee728b)
Start importing Assets/RPGMonsterPartnersPBRPolyart/Textures/Metallic-Smoothness.png using Guid(04ae779ca2d5494d85298d1ab0914d81) Importer(815301076,1909f56bfc062723c751e8b465ee728b)  -> (artifact id: 'd1be9bc685b7da4cc936f4b2917b06a8') in 0.019687 seconds
Number of updated asset objects reloaded before import = 0
Number of asset objects unloaded after import = 2
========================================================================
Received Import Request.
  Time since last request: 10.349888 seconds.
  path: Assets/Textures/Emission.png
  artifactKey: Guid(fe62c1e740dc4f4c838033a4c0afc020) Importer(815301076,1909f56bfc062723c751e8b465ee728b)
Start importing Assets/Textures/Emission.png using Guid(fe62c1e740dc4f4c838033a4c0afc020) Importer(815301076,1909f56bfc062723c751e8b465ee728b)  -> (artifact id: '50f7527a32852821f5a4cf708ec4b380') in 0.014946 seconds
Number of updated asset objects reloaded before import = 0
Number of asset objects unloaded after import = 2
========================================================================
Received Import Request.
  Time since last request: 0.000018 seconds.
  path: Assets/Textures/T_Squid.png
  artifactKey: Guid(83be6572454ffc2418a41deb170e2212) Importer(815301076,1909f56bfc062723c751e8b465ee728b)
Start importing Assets/Textures/T_Squid.png using Guid(83be6572454ffc2418a41deb170e2212) Importer(815301076,1909f56bfc062723c751e8b465ee728b)  -> (artifact id: 'a8f894f8bbb6ede9b2a34b5f982a2e19') in 0.035418 seconds
Number of updated asset objects reloaded before import = 0
Number of asset objects unloaded after import = 2
========================================================================
Received Import Request.
  Time since last request: 0.000015 seconds.
  path: Assets/Textures/T_Muskrat.png
  artifactKey: Guid(adfe2a70e712b6843b576ca9b1b1a094) Importer(815301076,1909f56bfc062723c751e8b465ee728b)
Start importing Assets/Textures/T_Muskrat.png using Guid(adfe2a70e712b6843b576ca9b1b1a094) Importer(815301076,1909f56bfc062723c751e8b465ee728b)  -> (artifact id: 'c727bc721a170c062a3d60b409013a03') in 0.011934 seconds
Number of updated asset objects reloaded before import = 0
Number of asset objects unloaded after import = 2
========================================================================
Received Import Request.
  Time since last request: 0.000014 seconds.
  path: Assets/Textures/T_Gecko.png
  artifactKey: Guid(1df821863b14cec4ea5de78cb3d68fbe) Importer(815301076,1909f56bfc062723c751e8b465ee728b)
Start importing Assets/Textures/T_Gecko.png using Guid(1df821863b14cec4ea5de78cb3d68fbe) Importer(815301076,1909f56bfc062723c751e8b465ee728b)  -> (artifact id: 'c23b7c5499e090d37063177430a1acb3') in 0.012302 seconds
Number of updated asset objects reloaded before import = 0
Number of asset objects unloaded after import = 2
========================================================================
Received Import Request.
  Time since last request: 0.000014 seconds.
  path: Assets/Textures/T_Taipan.png
  artifactKey: Guid(b6e7fedc1523cb243a59efe64a66526a) Importer(815301076,1909f56bfc062723c751e8b465ee728b)
Start importing Assets/Textures/T_Taipan.png using Guid(b6e7fedc1523cb243a59efe64a66526a) Importer(815301076,1909f56bfc062723c751e8b465ee728b)  -> (artifact id: 'db470e63c934a93c4feeff3416e5675e') in 0.011829 seconds
Number of updated asset objects reloaded before import = 0
Number of asset objects unloaded after import = 2
========================================================================
Received Import Request.
  Time since last request: 17.445467 seconds.
  path: Assets/RPGMonsterPartnersPBRPolyart/Animations/Beholder/Attack02ST.fbx
  artifactKey: Guid(0be5f44ec700489faeb0ae9c20edd329) Importer(815301076,1909f56bfc062723c751e8b465ee728b)
Start importing Assets/RPGMonsterPartnersPBRPolyart/Animations/Beholder/Attack02ST.fbx using Guid(0be5f44ec700489faeb0ae9c20edd329) Importer(815301076,1909f56bfc062723c751e8b465ee728b)  -> (artifact id: '2c9b1ea3af5872ca119da7bbb8439904') in 0.015956 seconds
Number of updated asset objects reloaded before import = 0
Number of asset objects unloaded after import = 103
========================================================================
Received Import Request.
  Time since last request: 0.000014 seconds.
  path: Assets/RPGMonsterPartnersPBRPolyart/Animations/Beholder/Dizzy.fbx
  artifactKey: Guid(f5318de752e94abe8168f58f4ee66c60) Importer(815301076,1909f56bfc062723c751e8b465ee728b)
Start importing Assets/RPGMonsterPartnersPBRPolyart/Animations/Beholder/Dizzy.fbx using Guid(f5318de752e94abe8168f58f4ee66c60) Importer(815301076,1909f56bfc062723c751e8b465ee728b)  -> (artifact id: 'c837fad4516c30af2e4584d9e4d0173d') in 0.018588 seconds
Number of updated asset objects reloaded before import = 0
Number of asset objects unloaded after import = 103
========================================================================
Received Import Request.
  Time since last request: 0.000013 seconds.
  path: Assets/RPGMonsterPartnersPBRPolyart/Animations/Beholder/WalkLeft.fbx
  artifactKey: Guid(f3218c7d816040de9b9bcfe80d5f77f3) Importer(815301076,1909f56bfc062723c751e8b465ee728b)
Start importing Assets/RPGMonsterPartnersPBRPolyart/Animations/Beholder/WalkLeft.fbx using Guid(f3218c7d816040de9b9bcfe80d5f77f3) Importer(815301076,1909f56bfc062723c751e8b465ee728b)  -> (artifact id: 'da37a60d981deca75eeaf6dfcabe875c') in 0.016027 seconds
Number of updated asset objects reloaded before import = 0
Number of asset objects unloaded after import = 103
========================================================================
Received Import Request.
  Time since last request: 0.000019 seconds.
  path: Assets/RPGMonsterPartnersPBRPolyart/Animations/Beholder/Die.fbx
  artifactKey: Guid(97c47bfed40c4af58abfab0182f75594) Importer(815301076,1909f56bfc062723c751e8b465ee728b)
Start importing Assets/RPGMonsterPartnersPBRPolyart/Animations/Beholder/Die.fbx using Guid(97c47bfed40c4af58abfab0182f75594) Importer(815301076,1909f56bfc062723c751e8b465ee728b)  -> (artifact id: 'abdd55ca2738564d676c8a51f516c99f') in 0.016611 seconds
Number of updated asset objects reloaded before import = 0
Number of asset objects unloaded after import = 103
========================================================================
Received Import Request.
  Time since last request: 0.000015 seconds.
  path: Assets/RPGMonsterPartnersPBRPolyart/Animations/Beholder/SenseSomethingRPT.fbx
  artifactKey: Guid(26ecc7bbdaba43e5b1528fd25d1ba888) Importer(815301076,1909f56bfc062723c751e8b465ee728b)
Start importing Assets/RPGMonsterPartnersPBRPolyart/Animations/Beholder/SenseSomethingRPT.fbx using Guid(26ecc7bbdaba43e5b1528fd25d1ba888) Importer(815301076,1909f56bfc062723c751e8b465ee728b)  -> (artifact id: '7e566d350419eb7ef384fce386545296') in 0.014734 seconds
Number of updated asset objects reloaded before import = 0
Number of asset objects unloaded after import = 103
========================================================================
Received Import Request.
  Time since last request: 0.000012 seconds.
  path: Assets/RPGMonsterPartnersPBRPolyart/Animations/Beholder/WalkFWD.fbx
  artifactKey: Guid(38b0b6ad62ca4f8fa72ac537c889c8dc) Importer(815301076,1909f56bfc062723c751e8b465ee728b)
Start importing Assets/RPGMonsterPartnersPBRPolyart/Animations/Beholder/WalkFWD.fbx using Guid(38b0b6ad62ca4f8fa72ac537c889c8dc) Importer(815301076,1909f56bfc062723c751e8b465ee728b)  -> (artifact id: '45f394e891138e0564941139230ffb0a') in 0.017735 seconds
Number of updated asset objects reloaded before import = 0
Number of asset objects unloaded after import = 103
========================================================================
Received Import Request.
  Time since last request: 24.525626 seconds.
  path: Assets/RPGMonsterPartnersPBRPolyart/Materials/Skybox_Mat.mat
  artifactKey: Guid(2b583eb32cfa4ddda4b88fc7cee6cf44) Importer(815301076,1909f56bfc062723c751e8b465ee728b)
Start importing Assets/RPGMonsterPartnersPBRPolyart/Materials/Skybox_Mat.mat using Guid(2b583eb32cfa4ddda4b88fc7cee6cf44) Importer(815301076,1909f56bfc062723c751e8b465ee728b)  -> (artifact id: '3d79308cc4fa9df5e75afefd8bd5b040') in 0.009037 seconds
Number of updated asset objects reloaded before import = 0
Number of asset objects unloaded after import = 1
========================================================================
Received Import Request.
  Time since last request: 22.334429 seconds.
  path: Assets/RPGMonsterPartnersPBRPolyart/Meshes/Character/ChestMonsterMesh.fbx
  artifactKey: Guid(379af92262f34e06ab580c86e8d7c6a6) Importer(815301076,1909f56bfc062723c751e8b465ee728b)
Start importing Assets/RPGMonsterPartnersPBRPolyart/Meshes/Character/ChestMonsterMesh.fbx using Guid(379af92262f34e06ab580c86e8d7c6a6) Importer(815301076,1909f56bfc062723c751e8b465ee728b)  -> (artifact id: 'c0769b8675530fa8f48b4dee8f5cc957') in 0.016878 seconds
Number of updated asset objects reloaded before import = 0
Number of asset objects unloaded after import = 54
Editor requested this worker to shutdown with reason: Scaling down because of idle timeout
TcpMessagingSession - receive error: operation aborted. errorcode: 995, details: The I/O operation has been aborted because of either a thread exit or an application request.
AssetImportWorker is now disconnected from the server
Process exiting
Exiting without the bug reporter. Application will terminate with return code 0